<?xml version="1.0" encoding="UTF-8"?>
<testsuite xmlns:xsi="http://www.w3.org/2001/XMLSchema-instance" xsi:noNamespaceSchemaLocation="https://maven.apache.org/surefire/maven-surefire-plugin/xsd/surefire-test-report.xsd" name="com.project.MainControllerTest" time="3.252" tests="4" errors="4" skipped="0" failures="0">
  <properties>
    <property name="sun.desktop" value="windows"/>
    <property name="awt.toolkit" value="sun.awt.windows.WToolkit"/>
    <property name="jdk.extensions.version" value="14.0.2.0"/>
    <property name="file.encoding.pkg" value="sun.io"/>
    <property name="java.specification.version" value="14"/>
    <property name="sun.jnu.encoding" value="Cp1251"/>
    <property name="java.class.path" value="E:\greenatom\projects\intership\Spring\target\test-classes;E:\greenatom\projects\intership\Spring\target\classes;C:\Users\dmitr\.m2\repository\org\springframework\boot\spring-boot-starter-web\2.3.2.RELEASE\spring-boot-starter-web-2.3.2.RELEASE.jar;C:\Users\dmitr\.m2\repository\org\springframework\boot\spring-boot-starter\2.3.2.RELEASE\spring-boot-starter-2.3.2.RELEASE.jar;C:\Users\dmitr\.m2\repository\org\springframework\boot\spring-boot-starter-logging\2.3.2.RELEASE\spring-boot-starter-logging-2.3.2.RELEASE.jar;C:\Users\dmitr\.m2\repository\ch\qos\logback\logback-classic\1.2.3\logback-classic-1.2.3.jar;C:\Users\dmitr\.m2\repository\ch\qos\logback\logback-core\1.2.3\logback-core-1.2.3.jar;C:\Users\dmitr\.m2\repository\org\apache\logging\log4j\log4j-to-slf4j\2.13.3\log4j-to-slf4j-2.13.3.jar;C:\Users\dmitr\.m2\repository\org\apache\logging\log4j\log4j-api\2.13.3\log4j-api-2.13.3.jar;C:\Users\dmitr\.m2\repository\org\slf4j\jul-to-slf4j\1.7.30\jul-to-slf4j-1.7.30.jar;C:\Users\dmitr\.m2\repository\jakarta\annotation\jakarta.annotation-api\1.3.5\jakarta.annotation-api-1.3.5.jar;C:\Users\dmitr\.m2\repository\org\yaml\snakeyaml\1.26\snakeyaml-1.26.jar;C:\Users\dmitr\.m2\repository\org\springframework\boot\spring-boot-starter-json\2.3.2.RELEASE\spring-boot-starter-json-2.3.2.RELEASE.jar;C:\Users\dmitr\.m2\repository\com\fasterxml\jackson\core\jackson-databind\2.11.1\jackson-databind-2.11.1.jar;C:\Users\dmitr\.m2\repository\com\fasterxml\jackson\core\jackson-annotations\2.11.1\jackson-annotations-2.11.1.jar;C:\Users\dmitr\.m2\repository\com\fasterxml\jackson\core\jackson-core\2.11.1\jackson-core-2.11.1.jar;C:\Users\dmitr\.m2\repository\com\fasterxml\jackson\datatype\jackson-datatype-jdk8\2.11.1\jackson-datatype-jdk8-2.11.1.jar;C:\Users\dmitr\.m2\repository\com\fasterxml\jackson\datatype\jackson-datatype-jsr310\2.11.1\jackson-datatype-jsr310-2.11.1.jar;C:\Users\dmitr\.m2\repository\com\fasterxml\jackson\module\jackson-module-parameter-names\2.11.1\jackson-module-parameter-names-2.11.1.jar;C:\Users\dmitr\.m2\repository\org\springframework\boot\spring-boot-starter-tomcat\2.3.2.RELEASE\spring-boot-starter-tomcat-2.3.2.RELEASE.jar;C:\Users\dmitr\.m2\repository\org\apache\tomcat\embed\tomcat-embed-core\9.0.37\tomcat-embed-core-9.0.37.jar;C:\Users\dmitr\.m2\repository\org\glassfish\jakarta.el\3.0.3\jakarta.el-3.0.3.jar;C:\Users\dmitr\.m2\repository\org\apache\tomcat\embed\tomcat-embed-websocket\9.0.37\tomcat-embed-websocket-9.0.37.jar;C:\Users\dmitr\.m2\repository\org\springframework\spring-web\5.2.8.RELEASE\spring-web-5.2.8.RELEASE.jar;C:\Users\dmitr\.m2\repository\org\springframework\spring-beans\5.2.8.RELEASE\spring-beans-5.2.8.RELEASE.jar;C:\Users\dmitr\.m2\repository\org\springframework\spring-webmvc\5.2.8.RELEASE\spring-webmvc-5.2.8.RELEASE.jar;C:\Users\dmitr\.m2\repository\org\springframework\spring-expression\5.2.8.RELEASE\spring-expression-5.2.8.RELEASE.jar;C:\Users\dmitr\.m2\repository\org\postgresql\postgresql\42.2.16\postgresql-42.2.16.jar;C:\Users\dmitr\.m2\repository\org\checkerframework\checker-qual\3.5.0\checker-qual-3.5.0.jar;C:\Users\dmitr\.m2\repository\org\springframework\boot\spring-boot-starter-data-jpa\2.3.2.RELEASE\spring-boot-starter-data-jpa-2.3.2.RELEASE.jar;C:\Users\dmitr\.m2\repository\org\springframework\boot\spring-boot-starter-aop\2.3.2.RELEASE\spring-boot-starter-aop-2.3.2.RELEASE.jar;C:\Users\dmitr\.m2\repository\org\aspectj\aspectjweaver\1.9.6\aspectjweaver-1.9.6.jar;C:\Users\dmitr\.m2\repository\org\springframework\boot\spring-boot-starter-jdbc\2.3.2.RELEASE\spring-boot-starter-jdbc-2.3.2.RELEASE.jar;C:\Users\dmitr\.m2\repository\com\zaxxer\HikariCP\3.4.5\HikariCP-3.4.5.jar;C:\Users\dmitr\.m2\repository\jakarta\transaction\jakarta.transaction-api\1.3.3\jakarta.transaction-api-1.3.3.jar;C:\Users\dmitr\.m2\repository\jakarta\persistence\jakarta.persistence-api\2.2.3\jakarta.persistence-api-2.2.3.jar;C:\Users\dmitr\.m2\repository\org\hibernate\hibernate-core\5.4.18.Final\hibernate-core-5.4.18.Final.jar;C:\Users\dmitr\.m2\repository\org\javassist\javassist\3.24.0-GA\javassist-3.24.0-GA.jar;C:\Users\dmitr\.m2\repository\net\bytebuddy\byte-buddy\1.10.13\byte-buddy-1.10.13.jar;C:\Users\dmitr\.m2\repository\antlr\antlr\2.7.7\antlr-2.7.7.jar;C:\Users\dmitr\.m2\repository\org\jboss\jandex\2.1.3.Final\jandex-2.1.3.Final.jar;C:\Users\dmitr\.m2\repository\org\dom4j\dom4j\2.1.3\dom4j-2.1.3.jar;C:\Users\dmitr\.m2\repository\org\hibernate\common\hibernate-commons-annotations\5.1.0.Final\hibernate-commons-annotations-5.1.0.Final.jar;C:\Users\dmitr\.m2\repository\org\glassfish\jaxb\jaxb-runtime\2.3.3\jaxb-runtime-2.3.3.jar;C:\Users\dmitr\.m2\repository\org\glassfish\jaxb\txw2\2.3.3\txw2-2.3.3.jar;C:\Users\dmitr\.m2\repository\com\sun\istack\istack-commons-runtime\3.0.11\istack-commons-runtime-3.0.11.jar;C:\Users\dmitr\.m2\repository\org\springframework\data\spring-data-jpa\2.3.2.RELEASE\spring-data-jpa-2.3.2.RELEASE.jar;C:\Users\dmitr\.m2\repository\org\springframework\data\spring-data-commons\2.3.2.RELEASE\spring-data-commons-2.3.2.RELEASE.jar;C:\Users\dmitr\.m2\repository\org\springframework\spring-orm\5.2.8.RELEASE\spring-orm-5.2.8.RELEASE.jar;C:\Users\dmitr\.m2\repository\org\springframework\spring-tx\5.2.8.RELEASE\spring-tx-5.2.8.RELEASE.jar;C:\Users\dmitr\.m2\repository\org\slf4j\slf4j-api\1.7.30\slf4j-api-1.7.30.jar;C:\Users\dmitr\.m2\repository\org\springframework\spring-aspects\5.2.8.RELEASE\spring-aspects-5.2.8.RELEASE.jar;C:\Users\dmitr\.m2\repository\org\springframework\boot\spring-boot-devtools\2.3.2.RELEASE\spring-boot-devtools-2.3.2.RELEASE.jar;C:\Users\dmitr\.m2\repository\org\springframework\boot\spring-boot\2.3.2.RELEASE\spring-boot-2.3.2.RELEASE.jar;C:\Users\dmitr\.m2\repository\org\springframework\boot\spring-boot-autoconfigure\2.3.2.RELEASE\spring-boot-autoconfigure-2.3.2.RELEASE.jar;C:\Users\dmitr\.m2\repository\org\springframework\boot\spring-boot-starter-freemarker\2.3.2.RELEASE\spring-boot-starter-freemarker-2.3.2.RELEASE.jar;C:\Users\dmitr\.m2\repository\org\freemarker\freemarker\2.3.30\freemarker-2.3.30.jar;C:\Users\dmitr\.m2\repository\org\springframework\spring-context-support\5.2.8.RELEASE\spring-context-support-5.2.8.RELEASE.jar;C:\Users\dmitr\.m2\repository\org\springframework\boot\spring-boot-starter-test\2.3.2.RELEASE\spring-boot-starter-test-2.3.2.RELEASE.jar;C:\Users\dmitr\.m2\repository\org\springframework\boot\spring-boot-test\2.3.2.RELEASE\spring-boot-test-2.3.2.RELEASE.jar;C:\Users\dmitr\.m2\repository\org\springframework\boot\spring-boot-test-autoconfigure\2.3.2.RELEASE\spring-boot-test-autoconfigure-2.3.2.RELEASE.jar;C:\Users\dmitr\.m2\repository\com\jayway\jsonpath\json-path\2.4.0\json-path-2.4.0.jar;C:\Users\dmitr\.m2\repository\net\minidev\json-smart\2.3\json-smart-2.3.jar;C:\Users\dmitr\.m2\repository\net\minidev\accessors-smart\1.2\accessors-smart-1.2.jar;C:\Users\dmitr\.m2\repository\org\ow2\asm\asm\5.0.4\asm-5.0.4.jar;C:\Users\dmitr\.m2\repository\jakarta\xml\bind\jakarta.xml.bind-api\2.3.3\jakarta.xml.bind-api-2.3.3.jar;C:\Users\dmitr\.m2\repository\jakarta\activation\jakarta.activation-api\1.2.2\jakarta.activation-api-1.2.2.jar;C:\Users\dmitr\.m2\repository\org\assertj\assertj-core\3.16.1\assertj-core-3.16.1.jar;C:\Users\dmitr\.m2\repository\org\hamcrest\hamcrest\2.2\hamcrest-2.2.jar;C:\Users\dmitr\.m2\repository\org\junit\jupiter\junit-jupiter\5.6.2\junit-jupiter-5.6.2.jar;C:\Users\dmitr\.m2\repository\org\junit\jupiter\junit-jupiter-api\5.6.2\junit-jupiter-api-5.6.2.jar;C:\Users\dmitr\.m2\repository\org\opentest4j\opentest4j\1.2.0\opentest4j-1.2.0.jar;C:\Users\dmitr\.m2\repository\org\junit\platform\junit-platform-commons\1.6.2\junit-platform-commons-1.6.2.jar;C:\Users\dmitr\.m2\repository\org\junit\jupiter\junit-jupiter-params\5.6.2\junit-jupiter-params-5.6.2.jar;C:\Users\dmitr\.m2\repository\org\junit\jupiter\junit-jupiter-engine\5.6.2\junit-jupiter-engine-5.6.2.jar;C:\Users\dmitr\.m2\repository\org\junit\vintage\junit-vintage-engine\5.6.2\junit-vintage-engine-5.6.2.jar;C:\Users\dmitr\.m2\repository\org\apiguardian\apiguardian-api\1.1.0\apiguardian-api-1.1.0.jar;C:\Users\dmitr\.m2\repository\org\junit\platform\junit-platform-engine\1.6.2\junit-platform-engine-1.6.2.jar;C:\Users\dmitr\.m2\repository\junit\junit\4.13\junit-4.13.jar;C:\Users\dmitr\.m2\repository\org\mockito\mockito-core\3.3.3\mockito-core-3.3.3.jar;C:\Users\dmitr\.m2\repository\net\bytebuddy\byte-buddy-agent\1.10.13\byte-buddy-agent-1.10.13.jar;C:\Users\dmitr\.m2\repository\org\objenesis\objenesis\2.6\objenesis-2.6.jar;C:\Users\dmitr\.m2\repository\org\mockito\mockito-junit-jupiter\3.3.3\mockito-junit-jupiter-3.3.3.jar;C:\Users\dmitr\.m2\repository\org\skyscreamer\jsonassert\1.5.0\jsonassert-1.5.0.jar;C:\Users\dmitr\.m2\repository\com\vaadin\external\google\android-json\0.0.20131108.vaadin1\android-json-0.0.20131108.vaadin1.jar;C:\Users\dmitr\.m2\repository\org\springframework\spring-core\5.2.8.RELEASE\spring-core-5.2.8.RELEASE.jar;C:\Users\dmitr\.m2\repository\org\springframework\spring-jcl\5.2.8.RELEASE\spring-jcl-5.2.8.RELEASE.jar;C:\Users\dmitr\.m2\repository\org\springframework\spring-test\5.2.8.RELEASE\spring-test-5.2.8.RELEASE.jar;C:\Users\dmitr\.m2\repository\org\xmlunit\xmlunit-core\2.7.0\xmlunit-core-2.7.0.jar;C:\Users\dmitr\.m2\repository\org\springframework\boot\spring-boot-starter-security\2.3.4.RELEASE\spring-boot-starter-security-2.3.4.RELEASE.jar;C:\Users\dmitr\.m2\repository\org\springframework\spring-aop\5.2.8.RELEASE\spring-aop-5.2.8.RELEASE.jar;C:\Users\dmitr\.m2\repository\org\springframework\security\spring-security-config\5.3.3.RELEASE\spring-security-config-5.3.3.RELEASE.jar;C:\Users\dmitr\.m2\repository\org\springframework\security\spring-security-web\5.3.3.RELEASE\spring-security-web-5.3.3.RELEASE.jar;C:\Users\dmitr\.m2\repository\org\springframework\boot\spring-boot-starter-mail\2.3.2.RELEASE\spring-boot-starter-mail-2.3.2.RELEASE.jar;C:\Users\dmitr\.m2\repository\com\sun\mail\jakarta.mail\1.6.5\jakarta.mail-1.6.5.jar;C:\Users\dmitr\.m2\repository\com\sun\activation\jakarta.activation\1.2.2\jakarta.activation-1.2.2.jar;C:\Users\dmitr\.m2\repository\org\flywaydb\flyway-core\6.4.4\flyway-core-6.4.4.jar;C:\Users\dmitr\.m2\repository\org\hibernate\validator\hibernate-validator\6.0.13.Final\hibernate-validator-6.0.13.Final.jar;C:\Users\dmitr\.m2\repository\javax\validation\validation-api\2.0.1.Final\validation-api-2.0.1.Final.jar;C:\Users\dmitr\.m2\repository\org\jboss\logging\jboss-logging\3.4.1.Final\jboss-logging-3.4.1.Final.jar;C:\Users\dmitr\.m2\repository\com\fasterxml\classmate\1.5.1\classmate-1.5.1.jar;C:\Users\dmitr\.m2\repository\org\springframework\session\spring-session-jdbc\2.3.0.RELEASE\spring-session-jdbc-2.3.0.RELEASE.jar;C:\Users\dmitr\.m2\repository\org\springframework\session\spring-session-core\2.3.0.RELEASE\spring-session-core-2.3.0.RELEASE.jar;C:\Users\dmitr\.m2\repository\org\springframework\spring-context\5.2.8.RELEASE\spring-context-5.2.8.RELEASE.jar;C:\Users\dmitr\.m2\repository\org\springframework\spring-jdbc\5.2.8.RELEASE\spring-jdbc-5.2.8.RELEASE.jar;C:\Users\dmitr\.m2\repository\javax\xml\bind\jaxb-api\2.3.0\jaxb-api-2.3.0.jar;C:\Users\dmitr\.m2\repository\com\sun\xml\bind\jaxb-core\2.3.0\jaxb-core-2.3.0.jar;C:\Users\dmitr\.m2\repository\com\sun\xml\bind\jaxb-impl\2.3.0\jaxb-impl-2.3.0.jar;C:\Users\dmitr\.m2\repository\org\springframework\security\spring-security-test\5.4.1\spring-security-test-5.4.1.jar;C:\Users\dmitr\.m2\repository\org\springframework\security\spring-security-core\5.3.3.RELEASE\spring-security-core-5.3.3.RELEASE.jar;"/>
    <property name="java.vm.vendor" value="Eclipse OpenJ9"/>
    <property name="sun.arch.data.model" value="64"/>
    <property name="com.ibm.vm.bitmode" value="64"/>
    <property name="user.variant" value=""/>
    <property name="com.ibm.oti.vm.library.version" value="29"/>
    <property name="java.vendor.url" value="https://adoptopenjdk.net/"/>
    <property name="user.timezone" value="Europe/Moscow"/>
    <property name="os.name" value="Windows 10"/>
    <property name="java.vm.specification.version" value="14"/>
    <property name="sun.java.launcher" value="SUN_STANDARD"/>
    <property name="user.country" value="US"/>
    <property name="sun.boot.library.path" value="C:\Users\dmitr\.jdks\adopt-openj9-14.0.2\bin\compressedrefs;C:\Users\dmitr\.jdks\adopt-openj9-14.0.2\bin"/>
    <property name="sun.java.command" value="C:\Users\dmitr\AppData\Local\Temp\surefire10282010237659820191\surefirebooter5426329860842623710.jar C:\Users\dmitr\AppData\Local\Temp\surefire10282010237659820191 2020-10-29T20-16-07_562-jvmRun1 surefire3239920564221667919tmp surefire_05562796129671738663tmp"/>
    <property name="surefire.test.class.path" value="E:\greenatom\projects\intership\Spring\target\test-classes;E:\greenatom\projects\intership\Spring\target\classes;C:\Users\dmitr\.m2\repository\org\springframework\boot\spring-boot-starter-web\2.3.2.RELEASE\spring-boot-starter-web-2.3.2.RELEASE.jar;C:\Users\dmitr\.m2\repository\org\springframework\boot\spring-boot-starter\2.3.2.RELEASE\spring-boot-starter-2.3.2.RELEASE.jar;C:\Users\dmitr\.m2\repository\org\springframework\boot\spring-boot-starter-logging\2.3.2.RELEASE\spring-boot-starter-logging-2.3.2.RELEASE.jar;C:\Users\dmitr\.m2\repository\ch\qos\logback\logback-classic\1.2.3\logback-classic-1.2.3.jar;C:\Users\dmitr\.m2\repository\ch\qos\logback\logback-core\1.2.3\logback-core-1.2.3.jar;C:\Users\dmitr\.m2\repository\org\apache\logging\log4j\log4j-to-slf4j\2.13.3\log4j-to-slf4j-2.13.3.jar;C:\Users\dmitr\.m2\repository\org\apache\logging\log4j\log4j-api\2.13.3\log4j-api-2.13.3.jar;C:\Users\dmitr\.m2\repository\org\slf4j\jul-to-slf4j\1.7.30\jul-to-slf4j-1.7.30.jar;C:\Users\dmitr\.m2\repository\jakarta\annotation\jakarta.annotation-api\1.3.5\jakarta.annotation-api-1.3.5.jar;C:\Users\dmitr\.m2\repository\org\yaml\snakeyaml\1.26\snakeyaml-1.26.jar;C:\Users\dmitr\.m2\repository\org\springframework\boot\spring-boot-starter-json\2.3.2.RELEASE\spring-boot-starter-json-2.3.2.RELEASE.jar;C:\Users\dmitr\.m2\repository\com\fasterxml\jackson\core\jackson-databind\2.11.1\jackson-databind-2.11.1.jar;C:\Users\dmitr\.m2\repository\com\fasterxml\jackson\core\jackson-annotations\2.11.1\jackson-annotations-2.11.1.jar;C:\Users\dmitr\.m2\repository\com\fasterxml\jackson\core\jackson-core\2.11.1\jackson-core-2.11.1.jar;C:\Users\dmitr\.m2\repository\com\fasterxml\jackson\datatype\jackson-datatype-jdk8\2.11.1\jackson-datatype-jdk8-2.11.1.jar;C:\Users\dmitr\.m2\repository\com\fasterxml\jackson\datatype\jackson-datatype-jsr310\2.11.1\jackson-datatype-jsr310-2.11.1.jar;C:\Users\dmitr\.m2\repository\com\fasterxml\jackson\module\jackson-module-parameter-names\2.11.1\jackson-module-parameter-names-2.11.1.jar;C:\Users\dmitr\.m2\repository\org\springframework\boot\spring-boot-starter-tomcat\2.3.2.RELEASE\spring-boot-starter-tomcat-2.3.2.RELEASE.jar;C:\Users\dmitr\.m2\repository\org\apache\tomcat\embed\tomcat-embed-core\9.0.37\tomcat-embed-core-9.0.37.jar;C:\Users\dmitr\.m2\repository\org\glassfish\jakarta.el\3.0.3\jakarta.el-3.0.3.jar;C:\Users\dmitr\.m2\repository\org\apache\tomcat\embed\tomcat-embed-websocket\9.0.37\tomcat-embed-websocket-9.0.37.jar;C:\Users\dmitr\.m2\repository\org\springframework\spring-web\5.2.8.RELEASE\spring-web-5.2.8.RELEASE.jar;C:\Users\dmitr\.m2\repository\org\springframework\spring-beans\5.2.8.RELEASE\spring-beans-5.2.8.RELEASE.jar;C:\Users\dmitr\.m2\repository\org\springframework\spring-webmvc\5.2.8.RELEASE\spring-webmvc-5.2.8.RELEASE.jar;C:\Users\dmitr\.m2\repository\org\springframework\spring-expression\5.2.8.RELEASE\spring-expression-5.2.8.RELEASE.jar;C:\Users\dmitr\.m2\repository\org\postgresql\postgresql\42.2.16\postgresql-42.2.16.jar;C:\Users\dmitr\.m2\repository\org\checkerframework\checker-qual\3.5.0\checker-qual-3.5.0.jar;C:\Users\dmitr\.m2\repository\org\springframework\boot\spring-boot-starter-data-jpa\2.3.2.RELEASE\spring-boot-starter-data-jpa-2.3.2.RELEASE.jar;C:\Users\dmitr\.m2\repository\org\springframework\boot\spring-boot-starter-aop\2.3.2.RELEASE\spring-boot-starter-aop-2.3.2.RELEASE.jar;C:\Users\dmitr\.m2\repository\org\aspectj\aspectjweaver\1.9.6\aspectjweaver-1.9.6.jar;C:\Users\dmitr\.m2\repository\org\springframework\boot\spring-boot-starter-jdbc\2.3.2.RELEASE\spring-boot-starter-jdbc-2.3.2.RELEASE.jar;C:\Users\dmitr\.m2\repository\com\zaxxer\HikariCP\3.4.5\HikariCP-3.4.5.jar;C:\Users\dmitr\.m2\repository\jakarta\transaction\jakarta.transaction-api\1.3.3\jakarta.transaction-api-1.3.3.jar;C:\Users\dmitr\.m2\repository\jakarta\persistence\jakarta.persistence-api\2.2.3\jakarta.persistence-api-2.2.3.jar;C:\Users\dmitr\.m2\repository\org\hibernate\hibernate-core\5.4.18.Final\hibernate-core-5.4.18.Final.jar;C:\Users\dmitr\.m2\repository\org\javassist\javassist\3.24.0-GA\javassist-3.24.0-GA.jar;C:\Users\dmitr\.m2\repository\net\bytebuddy\byte-buddy\1.10.13\byte-buddy-1.10.13.jar;C:\Users\dmitr\.m2\repository\antlr\antlr\2.7.7\antlr-2.7.7.jar;C:\Users\dmitr\.m2\repository\org\jboss\jandex\2.1.3.Final\jandex-2.1.3.Final.jar;C:\Users\dmitr\.m2\repository\org\dom4j\dom4j\2.1.3\dom4j-2.1.3.jar;C:\Users\dmitr\.m2\repository\org\hibernate\common\hibernate-commons-annotations\5.1.0.Final\hibernate-commons-annotations-5.1.0.Final.jar;C:\Users\dmitr\.m2\repository\org\glassfish\jaxb\jaxb-runtime\2.3.3\jaxb-runtime-2.3.3.jar;C:\Users\dmitr\.m2\repository\org\glassfish\jaxb\txw2\2.3.3\txw2-2.3.3.jar;C:\Users\dmitr\.m2\repository\com\sun\istack\istack-commons-runtime\3.0.11\istack-commons-runtime-3.0.11.jar;C:\Users\dmitr\.m2\repository\org\springframework\data\spring-data-jpa\2.3.2.RELEASE\spring-data-jpa-2.3.2.RELEASE.jar;C:\Users\dmitr\.m2\repository\org\springframework\data\spring-data-commons\2.3.2.RELEASE\spring-data-commons-2.3.2.RELEASE.jar;C:\Users\dmitr\.m2\repository\org\springframework\spring-orm\5.2.8.RELEASE\spring-orm-5.2.8.RELEASE.jar;C:\Users\dmitr\.m2\repository\org\springframework\spring-tx\5.2.8.RELEASE\spring-tx-5.2.8.RELEASE.jar;C:\Users\dmitr\.m2\repository\org\slf4j\slf4j-api\1.7.30\slf4j-api-1.7.30.jar;C:\Users\dmitr\.m2\repository\org\springframework\spring-aspects\5.2.8.RELEASE\spring-aspects-5.2.8.RELEASE.jar;C:\Users\dmitr\.m2\repository\org\springframework\boot\spring-boot-devtools\2.3.2.RELEASE\spring-boot-devtools-2.3.2.RELEASE.jar;C:\Users\dmitr\.m2\repository\org\springframework\boot\spring-boot\2.3.2.RELEASE\spring-boot-2.3.2.RELEASE.jar;C:\Users\dmitr\.m2\repository\org\springframework\boot\spring-boot-autoconfigure\2.3.2.RELEASE\spring-boot-autoconfigure-2.3.2.RELEASE.jar;C:\Users\dmitr\.m2\repository\org\springframework\boot\spring-boot-starter-freemarker\2.3.2.RELEASE\spring-boot-starter-freemarker-2.3.2.RELEASE.jar;C:\Users\dmitr\.m2\repository\org\freemarker\freemarker\2.3.30\freemarker-2.3.30.jar;C:\Users\dmitr\.m2\repository\org\springframework\spring-context-support\5.2.8.RELEASE\spring-context-support-5.2.8.RELEASE.jar;C:\Users\dmitr\.m2\repository\org\springframework\boot\spring-boot-starter-test\2.3.2.RELEASE\spring-boot-starter-test-2.3.2.RELEASE.jar;C:\Users\dmitr\.m2\repository\org\springframework\boot\spring-boot-test\2.3.2.RELEASE\spring-boot-test-2.3.2.RELEASE.jar;C:\Users\dmitr\.m2\repository\org\springframework\boot\spring-boot-test-autoconfigure\2.3.2.RELEASE\spring-boot-test-autoconfigure-2.3.2.RELEASE.jar;C:\Users\dmitr\.m2\repository\com\jayway\jsonpath\json-path\2.4.0\json-path-2.4.0.jar;C:\Users\dmitr\.m2\repository\net\minidev\json-smart\2.3\json-smart-2.3.jar;C:\Users\dmitr\.m2\repository\net\minidev\accessors-smart\1.2\accessors-smart-1.2.jar;C:\Users\dmitr\.m2\repository\org\ow2\asm\asm\5.0.4\asm-5.0.4.jar;C:\Users\dmitr\.m2\repository\jakarta\xml\bind\jakarta.xml.bind-api\2.3.3\jakarta.xml.bind-api-2.3.3.jar;C:\Users\dmitr\.m2\repository\jakarta\activation\jakarta.activation-api\1.2.2\jakarta.activation-api-1.2.2.jar;C:\Users\dmitr\.m2\repository\org\assertj\assertj-core\3.16.1\assertj-core-3.16.1.jar;C:\Users\dmitr\.m2\repository\org\hamcrest\hamcrest\2.2\hamcrest-2.2.jar;C:\Users\dmitr\.m2\repository\org\junit\jupiter\junit-jupiter\5.6.2\junit-jupiter-5.6.2.jar;C:\Users\dmitr\.m2\repository\org\junit\jupiter\junit-jupiter-api\5.6.2\junit-jupiter-api-5.6.2.jar;C:\Users\dmitr\.m2\repository\org\opentest4j\opentest4j\1.2.0\opentest4j-1.2.0.jar;C:\Users\dmitr\.m2\repository\org\junit\platform\junit-platform-commons\1.6.2\junit-platform-commons-1.6.2.jar;C:\Users\dmitr\.m2\repository\org\junit\jupiter\junit-jupiter-params\5.6.2\junit-jupiter-params-5.6.2.jar;C:\Users\dmitr\.m2\repository\org\junit\jupiter\junit-jupiter-engine\5.6.2\junit-jupiter-engine-5.6.2.jar;C:\Users\dmitr\.m2\repository\org\junit\vintage\junit-vintage-engine\5.6.2\junit-vintage-engine-5.6.2.jar;C:\Users\dmitr\.m2\repository\org\apiguardian\apiguardian-api\1.1.0\apiguardian-api-1.1.0.jar;C:\Users\dmitr\.m2\repository\org\junit\platform\junit-platform-engine\1.6.2\junit-platform-engine-1.6.2.jar;C:\Users\dmitr\.m2\repository\junit\junit\4.13\junit-4.13.jar;C:\Users\dmitr\.m2\repository\org\mockito\mockito-core\3.3.3\mockito-core-3.3.3.jar;C:\Users\dmitr\.m2\repository\net\bytebuddy\byte-buddy-agent\1.10.13\byte-buddy-agent-1.10.13.jar;C:\Users\dmitr\.m2\repository\org\objenesis\objenesis\2.6\objenesis-2.6.jar;C:\Users\dmitr\.m2\repository\org\mockito\mockito-junit-jupiter\3.3.3\mockito-junit-jupiter-3.3.3.jar;C:\Users\dmitr\.m2\repository\org\skyscreamer\jsonassert\1.5.0\jsonassert-1.5.0.jar;C:\Users\dmitr\.m2\repository\com\vaadin\external\google\android-json\0.0.20131108.vaadin1\android-json-0.0.20131108.vaadin1.jar;C:\Users\dmitr\.m2\repository\org\springframework\spring-core\5.2.8.RELEASE\spring-core-5.2.8.RELEASE.jar;C:\Users\dmitr\.m2\repository\org\springframework\spring-jcl\5.2.8.RELEASE\spring-jcl-5.2.8.RELEASE.jar;C:\Users\dmitr\.m2\repository\org\springframework\spring-test\5.2.8.RELEASE\spring-test-5.2.8.RELEASE.jar;C:\Users\dmitr\.m2\repository\org\xmlunit\xmlunit-core\2.7.0\xmlunit-core-2.7.0.jar;C:\Users\dmitr\.m2\repository\org\springframework\boot\spring-boot-starter-security\2.3.4.RELEASE\spring-boot-starter-security-2.3.4.RELEASE.jar;C:\Users\dmitr\.m2\repository\org\springframework\spring-aop\5.2.8.RELEASE\spring-aop-5.2.8.RELEASE.jar;C:\Users\dmitr\.m2\repository\org\springframework\security\spring-security-config\5.3.3.RELEASE\spring-security-config-5.3.3.RELEASE.jar;C:\Users\dmitr\.m2\repository\org\springframework\security\spring-security-web\5.3.3.RELEASE\spring-security-web-5.3.3.RELEASE.jar;C:\Users\dmitr\.m2\repository\org\springframework\boot\spring-boot-starter-mail\2.3.2.RELEASE\spring-boot-starter-mail-2.3.2.RELEASE.jar;C:\Users\dmitr\.m2\repository\com\sun\mail\jakarta.mail\1.6.5\jakarta.mail-1.6.5.jar;C:\Users\dmitr\.m2\repository\com\sun\activation\jakarta.activation\1.2.2\jakarta.activation-1.2.2.jar;C:\Users\dmitr\.m2\repository\org\flywaydb\flyway-core\6.4.4\flyway-core-6.4.4.jar;C:\Users\dmitr\.m2\repository\org\hibernate\validator\hibernate-validator\6.0.13.Final\hibernate-validator-6.0.13.Final.jar;C:\Users\dmitr\.m2\repository\javax\validation\validation-api\2.0.1.Final\validation-api-2.0.1.Final.jar;C:\Users\dmitr\.m2\repository\org\jboss\logging\jboss-logging\3.4.1.Final\jboss-logging-3.4.1.Final.jar;C:\Users\dmitr\.m2\repository\com\fasterxml\classmate\1.5.1\classmate-1.5.1.jar;C:\Users\dmitr\.m2\repository\org\springframework\session\spring-session-jdbc\2.3.0.RELEASE\spring-session-jdbc-2.3.0.RELEASE.jar;C:\Users\dmitr\.m2\repository\org\springframework\session\spring-session-core\2.3.0.RELEASE\spring-session-core-2.3.0.RELEASE.jar;C:\Users\dmitr\.m2\repository\org\springframework\spring-context\5.2.8.RELEASE\spring-context-5.2.8.RELEASE.jar;C:\Users\dmitr\.m2\repository\org\springframework\spring-jdbc\5.2.8.RELEASE\spring-jdbc-5.2.8.RELEASE.jar;C:\Users\dmitr\.m2\repository\javax\xml\bind\jaxb-api\2.3.0\jaxb-api-2.3.0.jar;C:\Users\dmitr\.m2\repository\com\sun\xml\bind\jaxb-core\2.3.0\jaxb-core-2.3.0.jar;C:\Users\dmitr\.m2\repository\com\sun\xml\bind\jaxb-impl\2.3.0\jaxb-impl-2.3.0.jar;C:\Users\dmitr\.m2\repository\org\springframework\security\spring-security-test\5.4.1\spring-security-test-5.4.1.jar;C:\Users\dmitr\.m2\repository\org\springframework\security\spring-security-core\5.3.3.RELEASE\spring-security-core-5.3.3.RELEASE.jar;"/>
    <property name="sun.cpu.endian" value="little"/>
    <property name="user.home" value="C:\Users\dmitr"/>
    <property name="user.language" value="en"/>
    <property name="java.specification.vendor" value="Oracle Corporation"/>
    <property name="java.version.date" value="2020-07-14"/>
    <property name="java.home" value="C:\Users\dmitr\.jdks\adopt-openj9-14.0.2"/>
    <property name="ibm.signalhandling.rs" value="false"/>
    <property name="file.separator" value="\"/>
    <property name="jdk.extensions.name" value="Extensions for OpenJDK for Eclipse OpenJ9"/>
    <property name="basedir" value="E:\greenatom\projects\intership\Spring"/>
    <property name="line.separator" value="&#10;"/>
    <property name="java.vm.specification.vendor" value="Oracle Corporation"/>
    <property name="java.specification.name" value="Java Platform API Specification"/>
    <property name="java.compiler" value="j9jit29"/>
    <property name="com.ibm.util.extralibs.properties" value=""/>
    <property name="java.awt.graphicsenv" value="sun.awt.Win32GraphicsEnvironment"/>
    <property name="com.ibm.oti.configuration" value="scar"/>
    <property name="java.awt.fonts" value=""/>
    <property name="surefire.real.class.path" value="C:\Users\dmitr\AppData\Local\Temp\surefire10282010237659820191\surefirebooter5426329860842623710.jar"/>
    <property name="com.ibm.oti.shared.enabled" value="false"/>
    <property name="jdk.boot.class.path.append" value=""/>
    <property name="com.ibm.oti.vm.bootstrap.library.path" value="C:\Users\dmitr\.jdks\adopt-openj9-14.0.2\bin\compressedrefs;C:\Users\dmitr\.jdks\adopt-openj9-14.0.2\bin"/>
    <property name="com.ibm.cpu.endian" value="little"/>
    <property name="java.fullversion" value="14.0.2+12&#10;JRE 14 Windows 10 amd64-64-Bit Compressed References 20200715_148 (JIT enabled, AOT enabled)&#10;OpenJ9   - 34cf4c075&#10;OMR      - 113e54219&#10;JCL      - 1d231bd6a2 based on jdk-14.0.2+12"/>
    <property name="java.runtime.version" value="14.0.2+12"/>
    <property name="user.name" value="dmitr"/>
    <property name="path.separator" value=";"/>
    <property name="os.version" value="10.0"/>
    <property name="java.runtime.name" value="OpenJDK Runtime Environment"/>
    <property name="ibm.signalhandling.sigint" value="true"/>
    <property name="file.encoding" value="Cp1252"/>
    <property name="java.vm.name" value="Eclipse OpenJ9 VM"/>
    <property name="java.vendor.version" value="AdoptOpenJDK"/>
    <property name="ibm.signalhandling.sigchain" value="true"/>
    <property name="localRepository" value="C:\Users\dmitr\.m2\repository"/>
    <property name="java.vendor.url.bug" value="https://github.com/AdoptOpenJDK/openjdk-support/issues"/>
    <property name="java.io.tmpdir" value="C:\Users\dmitr\AppData\Local\Temp\"/>
    <property name="idea.version" value="2020.2.2"/>
    <property name="java.version" value="14.0.2"/>
    <property name="com.ibm.system.agent.path" value="C:\Users\dmitr\.jdks\adopt-openj9-14.0.2\bin"/>
    <property name="user.dir" value="E:\greenatom\projects\intership\Spring"/>
    <property name="os.arch" value="amd64"/>
    <property name="java.vm.specification.name" value="Java Virtual Machine Specification"/>
    <property name="java.awt.printerjob" value="sun.awt.windows.WPrinterJob"/>
    <property name="sun.nio.PageAlignDirectMemory" value="false"/>
    <property name="os.encoding" value="UTF8"/>
    <property name="java.library.path" value="C:\Users\dmitr\.jdks\adopt-openj9-14.0.2\bin\compressedrefs;C:\Users\dmitr\.jdks\adopt-openj9-14.0.2\bin;C:\WINDOWS\system32;C:\WINDOWS;C:\Windows\system32;C:\Windows;C:\Windows\System32\Wbem;C:\Windows\System32\WindowsPowerShell\v1.0\;C:\Windows\System32\OpenSSH\;C:\Program Files\Git\cmd;C:\Program Files\NVIDIA Corporation\NVIDIA NvDLISR;C:\Program Files (x86)\NVIDIA Corporation\PhysX\Common;C:\Program Files (x86)\Visual Leak Detector\bin\Win32;C:\Program Files (x86)\Visual Leak Detector\bin\Win64;C:\WINDOWS\system32;C:\WINDOWS;C:\WINDOWS\System32\Wbem;C:\WINDOWS\System32\WindowsPowerShell\v1.0\;C:\WINDOWS\System32\OpenSSH\;C:\Users\dmitr\AppData\Local\Microsoft\WindowsApps;;C:\Users\dmitr\AppData\Local\Programs\Microsoft VS Code\bin;."/>
    <property name="java.vendor" value="AdoptOpenJDK"/>
    <property name="java.vm.info" value="JRE 14 Windows 10 amd64-64-Bit Compressed References 20200715_148 (JIT enabled, AOT enabled)&#10;OpenJ9   - 34cf4c075&#10;OMR      - 113e54219&#10;JCL      - 1d231bd6a2 based on jdk-14.0.2+12"/>
    <property name="sun.nio.MaxDirectMemorySize" value="1851523072"/>
    <property name="java.vm.version" value="openj9-0.21.0"/>
    <property name="com.ibm.jcl.checkClassPath" value=""/>
    <property name="ibm.system.encoding" value="Cp1251"/>
    <property name="sun.io.unicode.encoding" value="UnicodeLittle"/>
    <property name="java.class.version" value="58.0"/>
  </properties>
  <testcase name="filterMessageTest" classname="com.project.MainControllerTest" time="0.736">
    <error message="The reference to entity &quot;size&quot; must end with the &apos;;&apos; delimiter." type="org.xml.sax.SAXParseException">org.xml.sax.SAXParseException: The reference to entity "size" must end with the ';' delimiter.
	at com.project.MainControllerTest.filterMessageTest(MainControllerTest.java:58)
</error>
    <system-out><![CDATA[
  .   ____          _            __ _ _
 /\\ / ___'_ __ _ _(_)_ __  __ _ \ \ \ \
( ( )\___ | '_ | '_| | '_ \/ _` | \ \ \ \
 \\/  ___)| |_)| | | | | || (_| |  ) ) ) )
  '  |____| .__|_| |_|_| |_\__, | / / / /
 =========|_|==============|___/=/_/_/_/
 :: Spring Boot ::        (v2.3.2.RELEASE)

2020-10-29 20:16:18.002  INFO 19604 --- [           main] com.project.MainControllerTest           : Starting MainControllerTest on DESKTOP-97SSQM9 with PID 19604 (started by dmitr in E:\greenatom\projects\intership\Spring)
2020-10-29 20:16:18.003  INFO 19604 --- [           main] com.project.MainControllerTest           : No active profile set, falling back to default profiles: default
2020-10-29 20:16:18.320  INFO 19604 --- [           main] .s.d.r.c.RepositoryConfigurationDelegate : Bootstrapping Spring Data JPA repositories in DEFERRED mode.
2020-10-29 20:16:18.346  INFO 19604 --- [           main] .s.d.r.c.RepositoryConfigurationDelegate : Finished Spring Data repository scanning in 25ms. Found 2 JPA repository interfaces.
2020-10-29 20:16:18.500  INFO 19604 --- [           main] trationDelegate$BeanPostProcessorChecker : Bean 'org.springframework.security.access.expression.method.DefaultMethodSecurityExpressionHandler@3a20aa12' of type [org.springframework.security.access.expression.method.DefaultMethodSecurityExpressionHandler] is not eligible for getting processed by all BeanPostProcessors (for example: not eligible for auto-proxying)
2020-10-29 20:16:18.509  INFO 19604 --- [           main] trationDelegate$BeanPostProcessorChecker : Bean 'methodSecurityMetadataSource' of type [org.springframework.security.access.method.DelegatingMethodSecurityMetadataSource] is not eligible for getting processed by all BeanPostProcessors (for example: not eligible for auto-proxying)
2020-10-29 20:16:18.582  INFO 19604 --- [           main] com.zaxxer.hikari.HikariDataSource       : HikariPool-2 - Starting...
2020-10-29 20:16:18.628  INFO 19604 --- [           main] com.zaxxer.hikari.HikariDataSource       : HikariPool-2 - Start completed.
2020-10-29 20:16:18.629  INFO 19604 --- [           main] o.f.c.internal.database.DatabaseFactory  : Database: jdbc:postgresql://localhost:5432/tests (PostgreSQL 12.4)
2020-10-29 20:16:18.649  INFO 19604 --- [           main] o.f.core.internal.command.DbValidate     : Successfully validated 5 migrations (execution time 00:00.010s)
2020-10-29 20:16:18.653  INFO 19604 --- [           main] o.f.core.internal.command.DbMigrate      : Current version of schema "public": 5
2020-10-29 20:16:18.654  INFO 19604 --- [           main] o.f.core.internal.command.DbMigrate      : Schema "public" is up to date. No migration necessary.
2020-10-29 20:16:18.693  INFO 19604 --- [           main] o.s.s.concurrent.ThreadPoolTaskExecutor  : Initializing ExecutorService 'applicationTaskExecutor'
2020-10-29 20:16:18.720  INFO 19604 --- [         task-1] o.hibernate.jpa.internal.util.LogHelper  : HHH000204: Processing PersistenceUnitInfo [name: default]
2020-10-29 20:16:18.731  INFO 19604 --- [         task-1] org.hibernate.dialect.Dialect            : HHH000400: Using dialect: org.hibernate.dialect.PostgreSQL10Dialect
2020-10-29 20:16:18.822  WARN 19604 --- [           main] JpaBaseConfiguration$JpaWebConfiguration : spring.jpa.open-in-view is enabled by default. Therefore, database queries may be performed during view rendering. Explicitly configure spring.jpa.open-in-view to disable this warning
2020-10-29 20:16:19.080  INFO 19604 --- [         task-1] o.h.e.t.j.p.i.JtaPlatformInitiator       : HHH000490: Using JtaPlatform implementation: [org.hibernate.engine.transaction.jta.platform.internal.NoJtaPlatform]
2020-10-29 20:16:19.081  INFO 19604 --- [         task-1] j.LocalContainerEntityManagerFactoryBean : Initialized JPA EntityManagerFactory for persistence unit 'default'
2020-10-29 20:16:19.233  INFO 19604 --- [           main] o.s.s.web.DefaultSecurityFilterChain     : Creating filter chain: any request, [org.springframework.security.web.context.request.async.WebAsyncManagerIntegrationFilter@32434325, org.springframework.security.web.context.SecurityContextPersistenceFilter@a24021b6, org.springframework.security.web.header.HeaderWriterFilter@7ad2cd47, org.springframework.security.web.csrf.CsrfFilter@73167bd2, org.springframework.security.web.authentication.logout.LogoutFilter@933d2252, org.springframework.security.web.authentication.UsernamePasswordAuthenticationFilter@78d10c2a, org.springframework.security.web.savedrequest.RequestCacheAwareFilter@67acb6e3, org.springframework.security.web.servletapi.SecurityContextHolderAwareRequestFilter@fbb74817, org.springframework.security.web.authentication.rememberme.RememberMeAuthenticationFilter@d3a9e533, org.springframework.security.web.authentication.AnonymousAuthenticationFilter@9960a65a, org.springframework.security.web.session.SessionManagementFilter@a6ac0bc6, org.springframework.security.web.access.ExceptionTranslationFilter@ea5c79bd, org.springframework.security.web.access.intercept.FilterSecurityInterceptor@621b34cd]
Windows 10
Res location - file:/e://fileCloud/
2020-10-29 20:16:19.978  INFO 19604 --- [           main] o.s.b.t.m.w.SpringBootMockServletContext : Initializing Spring TestDispatcherServlet ''
2020-10-29 20:16:19.978  INFO 19604 --- [           main] o.s.t.web.servlet.TestDispatcherServlet  : Initializing Servlet ''
2020-10-29 20:16:19.991  INFO 19604 --- [           main] o.s.t.web.servlet.TestDispatcherServlet  : Completed initialization in 13 ms
2020-10-29 20:16:20.005  INFO 19604 --- [           main] DeferredRepositoryInitializationListener : Triggering deferred initialization of Spring Data repositories…
2020-10-29 20:16:20.119  INFO 19604 --- [           main] DeferredRepositoryInitializationListener : Spring Data repositories initialized!
2020-10-29 20:16:20.121  INFO 19604 --- [           main] s.a.ScheduledAnnotationBeanPostProcessor : No TaskScheduler/ScheduledExecutorService bean found for scheduled processing
2020-10-29 20:16:20.122  INFO 19604 --- [           main] com.project.MainControllerTest           : Started MainControllerTest in 2.165 seconds (JVM running for 11.729)

MockHttpServletRequest:
      HTTP Method = GET
      Request URI = /main
       Parameters = {filter=[1tag]}
          Headers = []
             Body = null
    Session Attrs = {SPRING_SECURITY_CONTEXT=org.springframework.security.core.context.SecurityContextImpl@1ab1b7e3: Authentication: org.springframework.security.authentication.UsernamePasswordAuthenticationToken@1ab1b7e3: Principal: com.project.domain.User@21; Credentials: [PROTECTED]; Authenticated: true; Details: null; Granted Authorities: USER}

Handler:
             Type = com.project.controller.MainController
           Method = com.project.controller.MainController#main(String, Model, Pageable, User)

Async:
    Async started = false
     Async result = null

Resolved Exception:
             Type = null

ModelAndView:
        View name = main
             View = null
        Attribute = filter
            value = 1tag
        Attribute = page
            value = Page 1 of 1 containing com.project.domain.dto.MessageDto instances
           errors = []
        Attribute = url
            value = /main

FlashMap:
       Attributes = null

MockHttpServletResponse:
           Status = 200
    Error message = null
          Headers = [Turbolinks-Location:"/main?", Content-Language:"en", Content-Type:"text/html;charset=UTF-8", X-Content-Type-Options:"nosniff", X-XSS-Protection:"1; mode=block", Cache-Control:"no-cache, no-store, max-age=0, must-revalidate", Pragma:"no-cache", Expires:"0", X-Frame-Options:"DENY", Set-Cookie:"SESSION=NDU0MGE1OTktOTFiMS00ZTU2LWI1MzMtYWQ1YzE3NjNiZmE5; Path=/; HttpOnly; SameSite=Lax"]
     Content type = text/html;charset=UTF-8
             Body = <!DOCTYPE html>
<html xmlns="http://www.w3.org/1999/xhtml">
<head>
    <meta charset="UTF-8"/>
    <title>:)</title>

    <meta name="viewport" content="width=device-width, initial-scale=1, shrink-to-fit=no"/>
    <!-- Bootstrap CSS -->
    <link rel="stylesheet" href="https://stackpath.bootstrapcdn.com/bootstrap/4.1.3/css/bootstrap.min.css" integrity="sha384-MCw98/SFnGE8fJT3GXwEOngsV7Zt27NXFoaoApmYm81iuXoPkFOJwJ8ERdknLPMO" crossorigin="anonymous"/>
    <link rel="stylesheet" type="text/css" href="/static/styles.css"/>
    <script src="https://kit.fontawesome.com/6a1a309e0d.js" crossorigin="anonymous"></script>
    <script src="https://cdnjs.cloudflare.com/ajax/libs/turbolinks/5.2.0/turbolinks.js" integrity="sha512-G3jAqT2eM4MMkLMyQR5YBhvN5/Da3IG6kqgYqU9zlIH4+2a+GuMdLb5Kpxy6ItMdCfgaKlo2XFhI0dHtMJjoRw==" crossorigin="anonymous"></script>


    <script  defer="defer" src="https://code.jquery.com/jquery-3.3.1.slim.min.js" integrity="sha384-q8i/X+965DzO0rT7abK41JStQIAqVgRVzpbzo5smXKp4YfRvH+8abtTE1Pi6jizo" crossorigin="anonymous"></script>
    <script  defer="defer" src="https://cdnjs.cloudflare.com/ajax/libs/popper.js/1.14.3/umd/popper.min.js" integrity="sha384-ZMP7rVo3mIykV+2+9J3UJ46jBk0WLaUAdn689aCwoqbBJiSnjAK/l8WvCWPIPm49" crossorigin="anonymous"></script>

</head>
<body>
<nav class="navbar navbar-expand-lg navbar-light bg-light">
    <div class="navbar-brand">Tawee</div>
    <button class="navbar-toggler" type="button" data-toggle="collapse" data-target="#navbarSupportedContent" aria-controls="navbarSupportedContent" aria-expanded="false" aria-label="Toggle navigation">
        <span class="navbar-toggler-icon"></span>
    </button>

    <div class="collapse navbar-collapse" id="navbarSupportedContent">
        <ul class="navbar-nav mr-auto">
            <li class="nav-item">
                <a class="nav-link" href="/">Home</a>
            </li>
            <li class="nav-item">
                <a class="nav-link" href="/main">Messages</a>
            </li>
                <li class="nav-item">
                    <a class="nav-link" href="/user/profile">Profile</a>
                </li>
                <li class="nav-item">
                    <a class="nav-link" href="/user-messages/2">My messages</a>
                </li>
        </ul>
    <form action="/logout" method="post">
        <input type="hidden" name="_csrf" value="e67f21de-b9c2-4580-9c09-2ceafe886cbb"/>
        <button class="btn btn-primary mr-3" type="submit">Sign out</button>
    </form>
        <div class="navbar-text">test</div>
    </div>
</nav>    <div class="container mt-5">
    <div class="form-row">
        <div class="form-group col-md-6">
            <form class="form-inline" method="get" action="/main">
                <label>
                    <input class="form-control" type="text" name="filter" placeholder="Search by tag" value="1tag"/>
                </label>
                <button class="btn btn-outline-primary ml-3" type="submit">Search</button>
            </form>
        </div>
    </div>

    <a class="btn btn-primary" data-toggle="collapse" href="#collapseExample" role="button" aria-expanded="false" aria-controls="collapseExample">
        Message editor
    </a>
    <div class="collapse " id="collapseExample">
        <div class="form-group mt-3">
            <form method="post" enctype="multipart/form-data" >
                <input type="hidden" name="_csrf" value="e67f21de-b9c2-4580-9c09-2ceafe886cbb"/>
                <input type="hidden" name="id" value="-1"/>
                <div class="form-group">
                    <input class="form-control "
                           value=""
                           type="text" name="text" placeholder="Write your message"/>
                </div>
                <div class="form-group">
                    <input class="form-control "
                           value=""
                           type="text" name="tag" placeholder="Tag"/>
                </div>
                <div class="form-group">
                    <div class="input-group">
                        <div class="custom-file">
                            <input class="custom-file-input" id="customFile" type="file" name="file"/>
                            <label class="custom-file-label" for="customFile">Choose file</label>
                        </div>
                    </div>
                </div>
                <div class="form-group">
                    <button class="btn btn-primary mr-2" type="submit">Save message</button>
                    <button class="btn btn-outline-secondary" type="reset">Clear</button>
                </div>
            </form>
        </div>
    </div>



    <div class="mt-3 container">
        <div class="row">
            <ul class="pagination col justify-content-center">
                <li class="page-item disabled">
                    <a class="page-link" href="#" tabindex="-1">Pages</a>
                </li>
                        <li class="page-item active">
                            <a class="page-link" href="#" tabindex="-1">1</a>
                        </li>
            </ul>
            <ul class="pagination col justify-content-center">
                <li class="page-item disabled">
                    <a class="page-link" href="#" tabindex="-1">Elements per page</a>
                </li>
                        <li class="page-item">
                            <a class="page-link" href="/main?page=0&size=5" tabindex="-1">5</a>
                        </li>
                        <li class="page-item active">
                            <a class="page-link" href="#" tabindex="-1">10</a>
                        </li>
                        <li class="page-item">
                            <a class="page-link" href="/main?page=0&size=25" tabindex="-1">25</a>
                        </li>
                        <li class="page-item">
                            <a class="page-link" href="/main?page=0&size=50" tabindex="-1">50</a>
                        </li>
            </ul>
        </div>
    </div>

<div class="card-columns" id="message-list">
            <div class="card my-3" data-id="3">
                <div class="card-img-top text-center">
                </div>
                <div>
                    <div class="m-2">
                        <span>third</span><br/>
                        <i>#1tag</i>
                    </div>
                    <div class="card-footer text-muted container">
                        <div class="row">
                            <a class="col align-self-center" href="/user-messages/1">
                                guest
                            </a>
                            <a class="col align-self-center" href="/messages/3/like">
                                    <i class="far fa-heart"></i>
                                0
                            </a>
                        </div>
                    </div>
                </div>
            </div>
            <div class="card my-3" data-id="1">
                <div class="card-img-top text-center">
                </div>
                <div>
                    <div class="m-2">
                        <span>first</span><br/>
                        <i>#1tag</i>
                    </div>
                    <div class="card-footer text-muted container">
                        <div class="row">
                            <a class="col align-self-center" href="/user-messages/1">
                                guest
                            </a>
                            <a class="col align-self-center" href="/messages/1/like">
                                    <i class="far fa-heart"></i>
                                0
                            </a>
                        </div>
                    </div>
                </div>
            </div>
</div>

    <div class="mt-3 container">
        <div class="row">
            <ul class="pagination col justify-content-center">
                <li class="page-item disabled">
                    <a class="page-link" href="#" tabindex="-1">Pages</a>
                </li>
                        <li class="page-item active">
                            <a class="page-link" href="#" tabindex="-1">1</a>
                        </li>
            </ul>
            <ul class="pagination col justify-content-center">
                <li class="page-item disabled">
                    <a class="page-link" href="#" tabindex="-1">Elements per page</a>
                </li>
                        <li class="page-item">
                            <a class="page-link" href="/main?page=0&size=5" tabindex="-1">5</a>
                        </li>
                        <li class="page-item active">
                            <a class="page-link" href="#" tabindex="-1">10</a>
                        </li>
                        <li class="page-item">
                            <a class="page-link" href="/main?page=0&size=25" tabindex="-1">25</a>
                        </li>
                        <li class="page-item">
                            <a class="page-link" href="/main?page=0&size=50" tabindex="-1">50</a>
                        </li>
            </ul>
        </div>
    </div>
    </div>
<script src="https://stackpath.bootstrapcdn.com/bootstrap/4.1.3/js/bootstrap.min.js" integrity="sha384-ChfqqxuZUCnJSK3+MXmPNIyE6ZbWh2IMqE241rYiqJxyMiZ6OW/JmZQ5stwEULTy" crossorigin="anonymous"></script>
</body>
<script  defer="defer" src="https://www.google.com/recaptcha/api.js" async="async"></script>

</html>

    Forwarded URL = null
   Redirected URL = null
          Cookies = [[MockCookie@2c6f6e71 name = 'SESSION', value = 'NDU0MGE1OTktOTFiMS00ZTU2LWI1MzMtYWQ1YzE3NjNiZmE5', comment = [null], domain = [null], maxAge = -1, path = '/', secure = false, version = 0, httpOnly = true]]

MockHttpServletRequest:
      HTTP Method = GET
      Request URI = /main
       Parameters = {filter=[1tag]}
          Headers = []
             Body = null
    Session Attrs = {SPRING_SECURITY_CONTEXT=org.springframework.security.core.context.SecurityContextImpl@1ab1b7e3: Authentication: org.springframework.security.authentication.UsernamePasswordAuthenticationToken@1ab1b7e3: Principal: com.project.domain.User@21; Credentials: [PROTECTED]; Authenticated: true; Details: null; Granted Authorities: USER}

Handler:
             Type = com.project.controller.MainController
           Method = com.project.controller.MainController#main(String, Model, Pageable, User)

Async:
    Async started = false
     Async result = null

Resolved Exception:
             Type = null

ModelAndView:
        View name = main
             View = null
        Attribute = filter
            value = 1tag
        Attribute = page
            value = Page 1 of 1 containing com.project.domain.dto.MessageDto instances
           errors = []
        Attribute = url
            value = /main

FlashMap:
       Attributes = null

MockHttpServletResponse:
           Status = 200
    Error message = null
          Headers = [Turbolinks-Location:"/main?", Content-Language:"en", Content-Type:"text/html;charset=UTF-8", X-Content-Type-Options:"nosniff", X-XSS-Protection:"1; mode=block", Cache-Control:"no-cache, no-store, max-age=0, must-revalidate", Pragma:"no-cache", Expires:"0", X-Frame-Options:"DENY", Set-Cookie:"SESSION=NDU0MGE1OTktOTFiMS00ZTU2LWI1MzMtYWQ1YzE3NjNiZmE5; Path=/; HttpOnly; SameSite=Lax"]
     Content type = text/html;charset=UTF-8
             Body = <!DOCTYPE html>
<html xmlns="http://www.w3.org/1999/xhtml">
<head>
    <meta charset="UTF-8"/>
    <title>:)</title>

    <meta name="viewport" content="width=device-width, initial-scale=1, shrink-to-fit=no"/>
    <!-- Bootstrap CSS -->
    <link rel="stylesheet" href="https://stackpath.bootstrapcdn.com/bootstrap/4.1.3/css/bootstrap.min.css" integrity="sha384-MCw98/SFnGE8fJT3GXwEOngsV7Zt27NXFoaoApmYm81iuXoPkFOJwJ8ERdknLPMO" crossorigin="anonymous"/>
    <link rel="stylesheet" type="text/css" href="/static/styles.css"/>
    <script src="https://kit.fontawesome.com/6a1a309e0d.js" crossorigin="anonymous"></script>
    <script src="https://cdnjs.cloudflare.com/ajax/libs/turbolinks/5.2.0/turbolinks.js" integrity="sha512-G3jAqT2eM4MMkLMyQR5YBhvN5/Da3IG6kqgYqU9zlIH4+2a+GuMdLb5Kpxy6ItMdCfgaKlo2XFhI0dHtMJjoRw==" crossorigin="anonymous"></script>


    <script  defer="defer" src="https://code.jquery.com/jquery-3.3.1.slim.min.js" integrity="sha384-q8i/X+965DzO0rT7abK41JStQIAqVgRVzpbzo5smXKp4YfRvH+8abtTE1Pi6jizo" crossorigin="anonymous"></script>
    <script  defer="defer" src="https://cdnjs.cloudflare.com/ajax/libs/popper.js/1.14.3/umd/popper.min.js" integrity="sha384-ZMP7rVo3mIykV+2+9J3UJ46jBk0WLaUAdn689aCwoqbBJiSnjAK/l8WvCWPIPm49" crossorigin="anonymous"></script>

</head>
<body>
<nav class="navbar navbar-expand-lg navbar-light bg-light">
    <div class="navbar-brand">Tawee</div>
    <button class="navbar-toggler" type="button" data-toggle="collapse" data-target="#navbarSupportedContent" aria-controls="navbarSupportedContent" aria-expanded="false" aria-label="Toggle navigation">
        <span class="navbar-toggler-icon"></span>
    </button>

    <div class="collapse navbar-collapse" id="navbarSupportedContent">
        <ul class="navbar-nav mr-auto">
            <li class="nav-item">
                <a class="nav-link" href="/">Home</a>
            </li>
            <li class="nav-item">
                <a class="nav-link" href="/main">Messages</a>
            </li>
                <li class="nav-item">
                    <a class="nav-link" href="/user/profile">Profile</a>
                </li>
                <li class="nav-item">
                    <a class="nav-link" href="/user-messages/2">My messages</a>
                </li>
        </ul>
    <form action="/logout" method="post">
        <input type="hidden" name="_csrf" value="e67f21de-b9c2-4580-9c09-2ceafe886cbb"/>
        <button class="btn btn-primary mr-3" type="submit">Sign out</button>
    </form>
        <div class="navbar-text">test</div>
    </div>
</nav>    <div class="container mt-5">
    <div class="form-row">
        <div class="form-group col-md-6">
            <form class="form-inline" method="get" action="/main">
                <label>
                    <input class="form-control" type="text" name="filter" placeholder="Search by tag" value="1tag"/>
                </label>
                <button class="btn btn-outline-primary ml-3" type="submit">Search</button>
            </form>
        </div>
    </div>

    <a class="btn btn-primary" data-toggle="collapse" href="#collapseExample" role="button" aria-expanded="false" aria-controls="collapseExample">
        Message editor
    </a>
    <div class="collapse " id="collapseExample">
        <div class="form-group mt-3">
            <form method="post" enctype="multipart/form-data" >
                <input type="hidden" name="_csrf" value="e67f21de-b9c2-4580-9c09-2ceafe886cbb"/>
                <input type="hidden" name="id" value="-1"/>
                <div class="form-group">
                    <input class="form-control "
                           value=""
                           type="text" name="text" placeholder="Write your message"/>
                </div>
                <div class="form-group">
                    <input class="form-control "
                           value=""
                           type="text" name="tag" placeholder="Tag"/>
                </div>
                <div class="form-group">
                    <div class="input-group">
                        <div class="custom-file">
                            <input class="custom-file-input" id="customFile" type="file" name="file"/>
                            <label class="custom-file-label" for="customFile">Choose file</label>
                        </div>
                    </div>
                </div>
                <div class="form-group">
                    <button class="btn btn-primary mr-2" type="submit">Save message</button>
                    <button class="btn btn-outline-secondary" type="reset">Clear</button>
                </div>
            </form>
        </div>
    </div>



    <div class="mt-3 container">
        <div class="row">
            <ul class="pagination col justify-content-center">
                <li class="page-item disabled">
                    <a class="page-link" href="#" tabindex="-1">Pages</a>
                </li>
                        <li class="page-item active">
                            <a class="page-link" href="#" tabindex="-1">1</a>
                        </li>
            </ul>
            <ul class="pagination col justify-content-center">
                <li class="page-item disabled">
                    <a class="page-link" href="#" tabindex="-1">Elements per page</a>
                </li>
                        <li class="page-item">
                            <a class="page-link" href="/main?page=0&size=5" tabindex="-1">5</a>
                        </li>
                        <li class="page-item active">
                            <a class="page-link" href="#" tabindex="-1">10</a>
                        </li>
                        <li class="page-item">
                            <a class="page-link" href="/main?page=0&size=25" tabindex="-1">25</a>
                        </li>
                        <li class="page-item">
                            <a class="page-link" href="/main?page=0&size=50" tabindex="-1">50</a>
                        </li>
            </ul>
        </div>
    </div>

<div class="card-columns" id="message-list">
            <div class="card my-3" data-id="3">
                <div class="card-img-top text-center">
                </div>
                <div>
                    <div class="m-2">
                        <span>third</span><br/>
                        <i>#1tag</i>
                    </div>
                    <div class="card-footer text-muted container">
                        <div class="row">
                            <a class="col align-self-center" href="/user-messages/1">
                                guest
                            </a>
                            <a class="col align-self-center" href="/messages/3/like">
                                    <i class="far fa-heart"></i>
                                0
                            </a>
                        </div>
                    </div>
                </div>
            </div>
            <div class="card my-3" data-id="1">
                <div class="card-img-top text-center">
                </div>
                <div>
                    <div class="m-2">
                        <span>first</span><br/>
                        <i>#1tag</i>
                    </div>
                    <div class="card-footer text-muted container">
                        <div class="row">
                            <a class="col align-self-center" href="/user-messages/1">
                                guest
                            </a>
                            <a class="col align-self-center" href="/messages/1/like">
                                    <i class="far fa-heart"></i>
                                0
                            </a>
                        </div>
                    </div>
                </div>
            </div>
</div>

    <div class="mt-3 container">
        <div class="row">
            <ul class="pagination col justify-content-center">
                <li class="page-item disabled">
                    <a class="page-link" href="#" tabindex="-1">Pages</a>
                </li>
                        <li class="page-item active">
                            <a class="page-link" href="#" tabindex="-1">1</a>
                        </li>
            </ul>
            <ul class="pagination col justify-content-center">
                <li class="page-item disabled">
                    <a class="page-link" href="#" tabindex="-1">Elements per page</a>
                </li>
                        <li class="page-item">
                            <a class="page-link" href="/main?page=0&size=5" tabindex="-1">5</a>
                        </li>
                        <li class="page-item active">
                            <a class="page-link" href="#" tabindex="-1">10</a>
                        </li>
                        <li class="page-item">
                            <a class="page-link" href="/main?page=0&size=25" tabindex="-1">25</a>
                        </li>
                        <li class="page-item">
                            <a class="page-link" href="/main?page=0&size=50" tabindex="-1">50</a>
                        </li>
            </ul>
        </div>
    </div>
    </div>
<script src="https://stackpath.bootstrapcdn.com/bootstrap/4.1.3/js/bootstrap.min.js" integrity="sha384-ChfqqxuZUCnJSK3+MXmPNIyE6ZbWh2IMqE241rYiqJxyMiZ6OW/JmZQ5stwEULTy" crossorigin="anonymous"></script>
</body>
<script  defer="defer" src="https://www.google.com/recaptcha/api.js" async="async"></script>

</html>

    Forwarded URL = null
   Redirected URL = null
          Cookies = [[MockCookie@2c6f6e71 name = 'SESSION', value = 'NDU0MGE1OTktOTFiMS00ZTU2LWI1MzMtYWQ1YzE3NjNiZmE5', comment = [null], domain = [null], maxAge = -1, path = '/', secure = false, version = 0, httpOnly = true]]
]]></system-out>
    <system-err><![CDATA[[Fatal Error] :110:73: The reference to entity "size" must end with the ';' delimiter.
]]></system-err>
  </testcase>
  <testcase name="mainPageTest" classname="com.project.MainControllerTest" time="0.247">
    <error message="The reference to entity &quot;size&quot; must end with the &apos;;&apos; delimiter." type="org.xml.sax.SAXParseException">org.xml.sax.SAXParseException: The reference to entity "size" must end with the ';' delimiter.
	at com.project.MainControllerTest.mainPageTest(MainControllerTest.java:42)
</error>
    <system-out><![CDATA[
MockHttpServletRequest:
      HTTP Method = GET
      Request URI = /main
       Parameters = {}
          Headers = []
             Body = null
    Session Attrs = {SPRING_SECURITY_CONTEXT=org.springframework.security.core.context.SecurityContextImpl@1ab1b7e3: Authentication: org.springframework.security.authentication.UsernamePasswordAuthenticationToken@1ab1b7e3: Principal: com.project.domain.User@21; Credentials: [PROTECTED]; Authenticated: true; Details: null; Granted Authorities: USER}

Handler:
             Type = com.project.controller.MainController
           Method = com.project.controller.MainController#main(String, Model, Pageable, User)

Async:
    Async started = false
     Async result = null

Resolved Exception:
             Type = null

ModelAndView:
        View name = main
             View = null
        Attribute = page
            value = Page 1 of 1 containing com.project.domain.dto.MessageDto instances
           errors = []
        Attribute = url
            value = /main

FlashMap:
       Attributes = null

MockHttpServletResponse:
           Status = 200
    Error message = null
          Headers = [Turbolinks-Location:"/main?", Content-Language:"en", Content-Type:"text/html;charset=UTF-8", X-Content-Type-Options:"nosniff", X-XSS-Protection:"1; mode=block", Cache-Control:"no-cache, no-store, max-age=0, must-revalidate", Pragma:"no-cache", Expires:"0", X-Frame-Options:"DENY", Set-Cookie:"SESSION=MDg3YjQ4YzQtNDlmYy00M2I1LTlmOTYtOTBmZDA4NGVjNTUx; Path=/; HttpOnly; SameSite=Lax"]
     Content type = text/html;charset=UTF-8
             Body = <!DOCTYPE html>
<html xmlns="http://www.w3.org/1999/xhtml">
<head>
    <meta charset="UTF-8"/>
    <title>:)</title>

    <meta name="viewport" content="width=device-width, initial-scale=1, shrink-to-fit=no"/>
    <!-- Bootstrap CSS -->
    <link rel="stylesheet" href="https://stackpath.bootstrapcdn.com/bootstrap/4.1.3/css/bootstrap.min.css" integrity="sha384-MCw98/SFnGE8fJT3GXwEOngsV7Zt27NXFoaoApmYm81iuXoPkFOJwJ8ERdknLPMO" crossorigin="anonymous"/>
    <link rel="stylesheet" type="text/css" href="/static/styles.css"/>
    <script src="https://kit.fontawesome.com/6a1a309e0d.js" crossorigin="anonymous"></script>
    <script src="https://cdnjs.cloudflare.com/ajax/libs/turbolinks/5.2.0/turbolinks.js" integrity="sha512-G3jAqT2eM4MMkLMyQR5YBhvN5/Da3IG6kqgYqU9zlIH4+2a+GuMdLb5Kpxy6ItMdCfgaKlo2XFhI0dHtMJjoRw==" crossorigin="anonymous"></script>


    <script  defer="defer" src="https://code.jquery.com/jquery-3.3.1.slim.min.js" integrity="sha384-q8i/X+965DzO0rT7abK41JStQIAqVgRVzpbzo5smXKp4YfRvH+8abtTE1Pi6jizo" crossorigin="anonymous"></script>
    <script  defer="defer" src="https://cdnjs.cloudflare.com/ajax/libs/popper.js/1.14.3/umd/popper.min.js" integrity="sha384-ZMP7rVo3mIykV+2+9J3UJ46jBk0WLaUAdn689aCwoqbBJiSnjAK/l8WvCWPIPm49" crossorigin="anonymous"></script>

</head>
<body>
<nav class="navbar navbar-expand-lg navbar-light bg-light">
    <div class="navbar-brand">Tawee</div>
    <button class="navbar-toggler" type="button" data-toggle="collapse" data-target="#navbarSupportedContent" aria-controls="navbarSupportedContent" aria-expanded="false" aria-label="Toggle navigation">
        <span class="navbar-toggler-icon"></span>
    </button>

    <div class="collapse navbar-collapse" id="navbarSupportedContent">
        <ul class="navbar-nav mr-auto">
            <li class="nav-item">
                <a class="nav-link" href="/">Home</a>
            </li>
            <li class="nav-item">
                <a class="nav-link" href="/main">Messages</a>
            </li>
                <li class="nav-item">
                    <a class="nav-link" href="/user/profile">Profile</a>
                </li>
                <li class="nav-item">
                    <a class="nav-link" href="/user-messages/2">My messages</a>
                </li>
        </ul>
    <form action="/logout" method="post">
        <input type="hidden" name="_csrf" value="6218290f-2d1b-4340-87d5-30422b564b2c"/>
        <button class="btn btn-primary mr-3" type="submit">Sign out</button>
    </form>
        <div class="navbar-text">test</div>
    </div>
</nav>    <div class="container mt-5">
    <div class="form-row">
        <div class="form-group col-md-6">
            <form class="form-inline" method="get" action="/main">
                <label>
                    <input class="form-control" type="text" name="filter" placeholder="Search by tag" value=""/>
                </label>
                <button class="btn btn-outline-primary ml-3" type="submit">Search</button>
            </form>
        </div>
    </div>

    <a class="btn btn-primary" data-toggle="collapse" href="#collapseExample" role="button" aria-expanded="false" aria-controls="collapseExample">
        Message editor
    </a>
    <div class="collapse " id="collapseExample">
        <div class="form-group mt-3">
            <form method="post" enctype="multipart/form-data" >
                <input type="hidden" name="_csrf" value="6218290f-2d1b-4340-87d5-30422b564b2c"/>
                <input type="hidden" name="id" value="-1"/>
                <div class="form-group">
                    <input class="form-control "
                           value=""
                           type="text" name="text" placeholder="Write your message"/>
                </div>
                <div class="form-group">
                    <input class="form-control "
                           value=""
                           type="text" name="tag" placeholder="Tag"/>
                </div>
                <div class="form-group">
                    <div class="input-group">
                        <div class="custom-file">
                            <input class="custom-file-input" id="customFile" type="file" name="file"/>
                            <label class="custom-file-label" for="customFile">Choose file</label>
                        </div>
                    </div>
                </div>
                <div class="form-group">
                    <button class="btn btn-primary mr-2" type="submit">Save message</button>
                    <button class="btn btn-outline-secondary" type="reset">Clear</button>
                </div>
            </form>
        </div>
    </div>



    <div class="mt-3 container">
        <div class="row">
            <ul class="pagination col justify-content-center">
                <li class="page-item disabled">
                    <a class="page-link" href="#" tabindex="-1">Pages</a>
                </li>
                        <li class="page-item active">
                            <a class="page-link" href="#" tabindex="-1">1</a>
                        </li>
            </ul>
            <ul class="pagination col justify-content-center">
                <li class="page-item disabled">
                    <a class="page-link" href="#" tabindex="-1">Elements per page</a>
                </li>
                        <li class="page-item">
                            <a class="page-link" href="/main?page=0&size=5" tabindex="-1">5</a>
                        </li>
                        <li class="page-item active">
                            <a class="page-link" href="#" tabindex="-1">10</a>
                        </li>
                        <li class="page-item">
                            <a class="page-link" href="/main?page=0&size=25" tabindex="-1">25</a>
                        </li>
                        <li class="page-item">
                            <a class="page-link" href="/main?page=0&size=50" tabindex="-1">50</a>
                        </li>
            </ul>
        </div>
    </div>

<div class="card-columns" id="message-list">
            <div class="card my-3" data-id="4">
                <div class="card-img-top text-center">
                </div>
                <div>
                    <div class="m-2">
                        <span>fourth</span><br/>
                        <i>#3tag</i>
                    </div>
                    <div class="card-footer text-muted container">
                        <div class="row">
                            <a class="col align-self-center" href="/user-messages/1">
                                guest
                            </a>
                            <a class="col align-self-center" href="/messages/4/like">
                                    <i class="far fa-heart"></i>
                                0
                            </a>
                        </div>
                    </div>
                </div>
            </div>
            <div class="card my-3" data-id="3">
                <div class="card-img-top text-center">
                </div>
                <div>
                    <div class="m-2">
                        <span>third</span><br/>
                        <i>#1tag</i>
                    </div>
                    <div class="card-footer text-muted container">
                        <div class="row">
                            <a class="col align-self-center" href="/user-messages/1">
                                guest
                            </a>
                            <a class="col align-self-center" href="/messages/3/like">
                                    <i class="far fa-heart"></i>
                                0
                            </a>
                        </div>
                    </div>
                </div>
            </div>
            <div class="card my-3" data-id="2">
                <div class="card-img-top text-center">
                </div>
                <div>
                    <div class="m-2">
                        <span>second</span><br/>
                        <i>#2tag</i>
                    </div>
                    <div class="card-footer text-muted container">
                        <div class="row">
                            <a class="col align-self-center" href="/user-messages/1">
                                guest
                            </a>
                            <a class="col align-self-center" href="/messages/2/like">
                                    <i class="far fa-heart"></i>
                                0
                            </a>
                        </div>
                    </div>
                </div>
            </div>
            <div class="card my-3" data-id="1">
                <div class="card-img-top text-center">
                </div>
                <div>
                    <div class="m-2">
                        <span>first</span><br/>
                        <i>#1tag</i>
                    </div>
                    <div class="card-footer text-muted container">
                        <div class="row">
                            <a class="col align-self-center" href="/user-messages/1">
                                guest
                            </a>
                            <a class="col align-self-center" href="/messages/1/like">
                                    <i class="far fa-heart"></i>
                                0
                            </a>
                        </div>
                    </div>
                </div>
            </div>
</div>

    <div class="mt-3 container">
        <div class="row">
            <ul class="pagination col justify-content-center">
                <li class="page-item disabled">
                    <a class="page-link" href="#" tabindex="-1">Pages</a>
                </li>
                        <li class="page-item active">
                            <a class="page-link" href="#" tabindex="-1">1</a>
                        </li>
            </ul>
            <ul class="pagination col justify-content-center">
                <li class="page-item disabled">
                    <a class="page-link" href="#" tabindex="-1">Elements per page</a>
                </li>
                        <li class="page-item">
                            <a class="page-link" href="/main?page=0&size=5" tabindex="-1">5</a>
                        </li>
                        <li class="page-item active">
                            <a class="page-link" href="#" tabindex="-1">10</a>
                        </li>
                        <li class="page-item">
                            <a class="page-link" href="/main?page=0&size=25" tabindex="-1">25</a>
                        </li>
                        <li class="page-item">
                            <a class="page-link" href="/main?page=0&size=50" tabindex="-1">50</a>
                        </li>
            </ul>
        </div>
    </div>
    </div>
<script src="https://stackpath.bootstrapcdn.com/bootstrap/4.1.3/js/bootstrap.min.js" integrity="sha384-ChfqqxuZUCnJSK3+MXmPNIyE6ZbWh2IMqE241rYiqJxyMiZ6OW/JmZQ5stwEULTy" crossorigin="anonymous"></script>
</body>
<script  defer="defer" src="https://www.google.com/recaptcha/api.js" async="async"></script>

</html>

    Forwarded URL = null
   Redirected URL = null
          Cookies = [[MockCookie@717f199 name = 'SESSION', value = 'MDg3YjQ4YzQtNDlmYy00M2I1LTlmOTYtOTBmZDA4NGVjNTUx', comment = [null], domain = [null], maxAge = -1, path = '/', secure = false, version = 0, httpOnly = true]]

MockHttpServletRequest:
      HTTP Method = GET
      Request URI = /main
       Parameters = {}
          Headers = []
             Body = null
    Session Attrs = {SPRING_SECURITY_CONTEXT=org.springframework.security.core.context.SecurityContextImpl@1ab1b7e3: Authentication: org.springframework.security.authentication.UsernamePasswordAuthenticationToken@1ab1b7e3: Principal: com.project.domain.User@21; Credentials: [PROTECTED]; Authenticated: true; Details: null; Granted Authorities: USER}

Handler:
             Type = com.project.controller.MainController
           Method = com.project.controller.MainController#main(String, Model, Pageable, User)

Async:
    Async started = false
     Async result = null

Resolved Exception:
             Type = null

ModelAndView:
        View name = main
             View = null
        Attribute = page
            value = Page 1 of 1 containing com.project.domain.dto.MessageDto instances
           errors = []
        Attribute = url
            value = /main

FlashMap:
       Attributes = null

MockHttpServletResponse:
           Status = 200
    Error message = null
          Headers = [Turbolinks-Location:"/main?", Content-Language:"en", Content-Type:"text/html;charset=UTF-8", X-Content-Type-Options:"nosniff", X-XSS-Protection:"1; mode=block", Cache-Control:"no-cache, no-store, max-age=0, must-revalidate", Pragma:"no-cache", Expires:"0", X-Frame-Options:"DENY", Set-Cookie:"SESSION=MDg3YjQ4YzQtNDlmYy00M2I1LTlmOTYtOTBmZDA4NGVjNTUx; Path=/; HttpOnly; SameSite=Lax"]
     Content type = text/html;charset=UTF-8
             Body = <!DOCTYPE html>
<html xmlns="http://www.w3.org/1999/xhtml">
<head>
    <meta charset="UTF-8"/>
    <title>:)</title>

    <meta name="viewport" content="width=device-width, initial-scale=1, shrink-to-fit=no"/>
    <!-- Bootstrap CSS -->
    <link rel="stylesheet" href="https://stackpath.bootstrapcdn.com/bootstrap/4.1.3/css/bootstrap.min.css" integrity="sha384-MCw98/SFnGE8fJT3GXwEOngsV7Zt27NXFoaoApmYm81iuXoPkFOJwJ8ERdknLPMO" crossorigin="anonymous"/>
    <link rel="stylesheet" type="text/css" href="/static/styles.css"/>
    <script src="https://kit.fontawesome.com/6a1a309e0d.js" crossorigin="anonymous"></script>
    <script src="https://cdnjs.cloudflare.com/ajax/libs/turbolinks/5.2.0/turbolinks.js" integrity="sha512-G3jAqT2eM4MMkLMyQR5YBhvN5/Da3IG6kqgYqU9zlIH4+2a+GuMdLb5Kpxy6ItMdCfgaKlo2XFhI0dHtMJjoRw==" crossorigin="anonymous"></script>


    <script  defer="defer" src="https://code.jquery.com/jquery-3.3.1.slim.min.js" integrity="sha384-q8i/X+965DzO0rT7abK41JStQIAqVgRVzpbzo5smXKp4YfRvH+8abtTE1Pi6jizo" crossorigin="anonymous"></script>
    <script  defer="defer" src="https://cdnjs.cloudflare.com/ajax/libs/popper.js/1.14.3/umd/popper.min.js" integrity="sha384-ZMP7rVo3mIykV+2+9J3UJ46jBk0WLaUAdn689aCwoqbBJiSnjAK/l8WvCWPIPm49" crossorigin="anonymous"></script>

</head>
<body>
<nav class="navbar navbar-expand-lg navbar-light bg-light">
    <div class="navbar-brand">Tawee</div>
    <button class="navbar-toggler" type="button" data-toggle="collapse" data-target="#navbarSupportedContent" aria-controls="navbarSupportedContent" aria-expanded="false" aria-label="Toggle navigation">
        <span class="navbar-toggler-icon"></span>
    </button>

    <div class="collapse navbar-collapse" id="navbarSupportedContent">
        <ul class="navbar-nav mr-auto">
            <li class="nav-item">
                <a class="nav-link" href="/">Home</a>
            </li>
            <li class="nav-item">
                <a class="nav-link" href="/main">Messages</a>
            </li>
                <li class="nav-item">
                    <a class="nav-link" href="/user/profile">Profile</a>
                </li>
                <li class="nav-item">
                    <a class="nav-link" href="/user-messages/2">My messages</a>
                </li>
        </ul>
    <form action="/logout" method="post">
        <input type="hidden" name="_csrf" value="6218290f-2d1b-4340-87d5-30422b564b2c"/>
        <button class="btn btn-primary mr-3" type="submit">Sign out</button>
    </form>
        <div class="navbar-text">test</div>
    </div>
</nav>    <div class="container mt-5">
    <div class="form-row">
        <div class="form-group col-md-6">
            <form class="form-inline" method="get" action="/main">
                <label>
                    <input class="form-control" type="text" name="filter" placeholder="Search by tag" value=""/>
                </label>
                <button class="btn btn-outline-primary ml-3" type="submit">Search</button>
            </form>
        </div>
    </div>

    <a class="btn btn-primary" data-toggle="collapse" href="#collapseExample" role="button" aria-expanded="false" aria-controls="collapseExample">
        Message editor
    </a>
    <div class="collapse " id="collapseExample">
        <div class="form-group mt-3">
            <form method="post" enctype="multipart/form-data" >
                <input type="hidden" name="_csrf" value="6218290f-2d1b-4340-87d5-30422b564b2c"/>
                <input type="hidden" name="id" value="-1"/>
                <div class="form-group">
                    <input class="form-control "
                           value=""
                           type="text" name="text" placeholder="Write your message"/>
                </div>
                <div class="form-group">
                    <input class="form-control "
                           value=""
                           type="text" name="tag" placeholder="Tag"/>
                </div>
                <div class="form-group">
                    <div class="input-group">
                        <div class="custom-file">
                            <input class="custom-file-input" id="customFile" type="file" name="file"/>
                            <label class="custom-file-label" for="customFile">Choose file</label>
                        </div>
                    </div>
                </div>
                <div class="form-group">
                    <button class="btn btn-primary mr-2" type="submit">Save message</button>
                    <button class="btn btn-outline-secondary" type="reset">Clear</button>
                </div>
            </form>
        </div>
    </div>



    <div class="mt-3 container">
        <div class="row">
            <ul class="pagination col justify-content-center">
                <li class="page-item disabled">
                    <a class="page-link" href="#" tabindex="-1">Pages</a>
                </li>
                        <li class="page-item active">
                            <a class="page-link" href="#" tabindex="-1">1</a>
                        </li>
            </ul>
            <ul class="pagination col justify-content-center">
                <li class="page-item disabled">
                    <a class="page-link" href="#" tabindex="-1">Elements per page</a>
                </li>
                        <li class="page-item">
                            <a class="page-link" href="/main?page=0&size=5" tabindex="-1">5</a>
                        </li>
                        <li class="page-item active">
                            <a class="page-link" href="#" tabindex="-1">10</a>
                        </li>
                        <li class="page-item">
                            <a class="page-link" href="/main?page=0&size=25" tabindex="-1">25</a>
                        </li>
                        <li class="page-item">
                            <a class="page-link" href="/main?page=0&size=50" tabindex="-1">50</a>
                        </li>
            </ul>
        </div>
    </div>

<div class="card-columns" id="message-list">
            <div class="card my-3" data-id="4">
                <div class="card-img-top text-center">
                </div>
                <div>
                    <div class="m-2">
                        <span>fourth</span><br/>
                        <i>#3tag</i>
                    </div>
                    <div class="card-footer text-muted container">
                        <div class="row">
                            <a class="col align-self-center" href="/user-messages/1">
                                guest
                            </a>
                            <a class="col align-self-center" href="/messages/4/like">
                                    <i class="far fa-heart"></i>
                                0
                            </a>
                        </div>
                    </div>
                </div>
            </div>
            <div class="card my-3" data-id="3">
                <div class="card-img-top text-center">
                </div>
                <div>
                    <div class="m-2">
                        <span>third</span><br/>
                        <i>#1tag</i>
                    </div>
                    <div class="card-footer text-muted container">
                        <div class="row">
                            <a class="col align-self-center" href="/user-messages/1">
                                guest
                            </a>
                            <a class="col align-self-center" href="/messages/3/like">
                                    <i class="far fa-heart"></i>
                                0
                            </a>
                        </div>
                    </div>
                </div>
            </div>
            <div class="card my-3" data-id="2">
                <div class="card-img-top text-center">
                </div>
                <div>
                    <div class="m-2">
                        <span>second</span><br/>
                        <i>#2tag</i>
                    </div>
                    <div class="card-footer text-muted container">
                        <div class="row">
                            <a class="col align-self-center" href="/user-messages/1">
                                guest
                            </a>
                            <a class="col align-self-center" href="/messages/2/like">
                                    <i class="far fa-heart"></i>
                                0
                            </a>
                        </div>
                    </div>
                </div>
            </div>
            <div class="card my-3" data-id="1">
                <div class="card-img-top text-center">
                </div>
                <div>
                    <div class="m-2">
                        <span>first</span><br/>
                        <i>#1tag</i>
                    </div>
                    <div class="card-footer text-muted container">
                        <div class="row">
                            <a class="col align-self-center" href="/user-messages/1">
                                guest
                            </a>
                            <a class="col align-self-center" href="/messages/1/like">
                                    <i class="far fa-heart"></i>
                                0
                            </a>
                        </div>
                    </div>
                </div>
            </div>
</div>

    <div class="mt-3 container">
        <div class="row">
            <ul class="pagination col justify-content-center">
                <li class="page-item disabled">
                    <a class="page-link" href="#" tabindex="-1">Pages</a>
                </li>
                        <li class="page-item active">
                            <a class="page-link" href="#" tabindex="-1">1</a>
                        </li>
            </ul>
            <ul class="pagination col justify-content-center">
                <li class="page-item disabled">
                    <a class="page-link" href="#" tabindex="-1">Elements per page</a>
                </li>
                        <li class="page-item">
                            <a class="page-link" href="/main?page=0&size=5" tabindex="-1">5</a>
                        </li>
                        <li class="page-item active">
                            <a class="page-link" href="#" tabindex="-1">10</a>
                        </li>
                        <li class="page-item">
                            <a class="page-link" href="/main?page=0&size=25" tabindex="-1">25</a>
                        </li>
                        <li class="page-item">
                            <a class="page-link" href="/main?page=0&size=50" tabindex="-1">50</a>
                        </li>
            </ul>
        </div>
    </div>
    </div>
<script src="https://stackpath.bootstrapcdn.com/bootstrap/4.1.3/js/bootstrap.min.js" integrity="sha384-ChfqqxuZUCnJSK3+MXmPNIyE6ZbWh2IMqE241rYiqJxyMiZ6OW/JmZQ5stwEULTy" crossorigin="anonymous"></script>
</body>
<script  defer="defer" src="https://www.google.com/recaptcha/api.js" async="async"></script>

</html>

    Forwarded URL = null
   Redirected URL = null
          Cookies = [[MockCookie@717f199 name = 'SESSION', value = 'MDg3YjQ4YzQtNDlmYy00M2I1LTlmOTYtOTBmZDA4NGVjNTUx', comment = [null], domain = [null], maxAge = -1, path = '/', secure = false, version = 0, httpOnly = true]]
]]></system-out>
    <system-err><![CDATA[[Fatal Error] :110:73: The reference to entity "size" must end with the ';' delimiter.
]]></system-err>
  </testcase>
  <testcase name="addMessageToListTest" classname="com.project.MainControllerTest" time="0.018">
    <error message="Premature end of file." type="org.xml.sax.SAXParseException">org.xml.sax.SAXParseException: Premature end of file.
	at com.project.MainControllerTest.addMessageToListTest(MainControllerTest.java:74)
</error>
    <system-out><![CDATA[
MockHttpServletRequest:
      HTTP Method = POST
      Request URI = /main
       Parameters = {text=[fifth], tag=[new one], _csrf=[406f63c0-25bc-4344-8128-07524e7d17be]}
          Headers = [Content-Type:"multipart/form-data;charset=UTF-8"]
             Body = null
    Session Attrs = {SPRING_SECURITY_CONTEXT=org.springframework.security.core.context.SecurityContextImpl@1ab1b7e3: Authentication: org.springframework.security.authentication.UsernamePasswordAuthenticationToken@1ab1b7e3: Principal: com.project.domain.User@21; Credentials: [PROTECTED]; Authenticated: true; Details: null; Granted Authorities: USER}

Handler:
             Type = com.project.controller.MainController
           Method = com.project.controller.MainController#add(User, MultipartFile, Message, BindingResult, String, Pageable, Model)

Async:
    Async started = false
     Async result = null

Resolved Exception:
             Type = null

ModelAndView:
        View name = redirect:/main
             View = null
            Model = null

FlashMap:
       Attributes = null

MockHttpServletResponse:
           Status = 302
    Error message = null
          Headers = [Turbolinks-Location:"/main?", Content-Language:"en", X-Content-Type-Options:"nosniff", X-XSS-Protection:"1; mode=block", Cache-Control:"no-cache, no-store, max-age=0, must-revalidate", Pragma:"no-cache", Expires:"0", X-Frame-Options:"DENY", Set-Cookie:"SESSION=ZmJiOTNhZTYtMzI1ZS00ZDg2LTlhN2ItNTJhZTRiYzYzYzVi; Path=/; HttpOnly; SameSite=Lax", Location:"/main"]
     Content type = null
             Body = 
    Forwarded URL = null
   Redirected URL = /main
          Cookies = [[MockCookie@5c4e8f65 name = 'SESSION', value = 'ZmJiOTNhZTYtMzI1ZS00ZDg2LTlhN2ItNTJhZTRiYzYzYzVi', comment = [null], domain = [null], maxAge = -1, path = '/', secure = false, version = 0, httpOnly = true]]

MockHttpServletRequest:
      HTTP Method = POST
      Request URI = /main
       Parameters = {text=[fifth], tag=[new one], _csrf=[406f63c0-25bc-4344-8128-07524e7d17be]}
          Headers = [Content-Type:"multipart/form-data;charset=UTF-8"]
             Body = null
    Session Attrs = {SPRING_SECURITY_CONTEXT=org.springframework.security.core.context.SecurityContextImpl@1ab1b7e3: Authentication: org.springframework.security.authentication.UsernamePasswordAuthenticationToken@1ab1b7e3: Principal: com.project.domain.User@21; Credentials: [PROTECTED]; Authenticated: true; Details: null; Granted Authorities: USER}

Handler:
             Type = com.project.controller.MainController
           Method = com.project.controller.MainController#add(User, MultipartFile, Message, BindingResult, String, Pageable, Model)

Async:
    Async started = false
     Async result = null

Resolved Exception:
             Type = null

ModelAndView:
        View name = redirect:/main
             View = null
            Model = null

FlashMap:
       Attributes = null

MockHttpServletResponse:
           Status = 302
    Error message = null
          Headers = [Turbolinks-Location:"/main?", Content-Language:"en", X-Content-Type-Options:"nosniff", X-XSS-Protection:"1; mode=block", Cache-Control:"no-cache, no-store, max-age=0, must-revalidate", Pragma:"no-cache", Expires:"0", X-Frame-Options:"DENY", Set-Cookie:"SESSION=ZmJiOTNhZTYtMzI1ZS00ZDg2LTlhN2ItNTJhZTRiYzYzYzVi; Path=/; HttpOnly; SameSite=Lax", Location:"/main"]
     Content type = null
             Body = 
    Forwarded URL = null
   Redirected URL = /main
          Cookies = [[MockCookie@5c4e8f65 name = 'SESSION', value = 'ZmJiOTNhZTYtMzI1ZS00ZDg2LTlhN2ItNTJhZTRiYzYzYzVi', comment = [null], domain = [null], maxAge = -1, path = '/', secure = false, version = 0, httpOnly = true]]
]]></system-out>
    <system-err><![CDATA[[Fatal Error] :1:1: Premature end of file.
]]></system-err>
  </testcase>
  <testcase name="messageListTest" classname="com.project.MainControllerTest" time="0.136">
    <error message="The reference to entity &quot;size&quot; must end with the &apos;;&apos; delimiter." type="org.xml.sax.SAXParseException">org.xml.sax.SAXParseException: The reference to entity "size" must end with the ';' delimiter.
	at com.project.MainControllerTest.messageListTest(MainControllerTest.java:50)
</error>
    <system-out><![CDATA[
MockHttpServletRequest:
      HTTP Method = GET
      Request URI = /main
       Parameters = {}
          Headers = []
             Body = null
    Session Attrs = {SPRING_SECURITY_CONTEXT=org.springframework.security.core.context.SecurityContextImpl@1ab1b7e3: Authentication: org.springframework.security.authentication.UsernamePasswordAuthenticationToken@1ab1b7e3: Principal: com.project.domain.User@21; Credentials: [PROTECTED]; Authenticated: true; Details: null; Granted Authorities: USER}

Handler:
             Type = com.project.controller.MainController
           Method = com.project.controller.MainController#main(String, Model, Pageable, User)

Async:
    Async started = false
     Async result = null

Resolved Exception:
             Type = null

ModelAndView:
        View name = main
             View = null
        Attribute = page
            value = Page 1 of 1 containing com.project.domain.dto.MessageDto instances
           errors = []
        Attribute = url
            value = /main

FlashMap:
       Attributes = null

MockHttpServletResponse:
           Status = 200
    Error message = null
          Headers = [Turbolinks-Location:"/main?", Content-Language:"en", Content-Type:"text/html;charset=UTF-8", X-Content-Type-Options:"nosniff", X-XSS-Protection:"1; mode=block", Cache-Control:"no-cache, no-store, max-age=0, must-revalidate", Pragma:"no-cache", Expires:"0", X-Frame-Options:"DENY", Set-Cookie:"SESSION=NGQ3MzY3MDktYzdiYS00MWNmLTlmMGMtODAyY2FiYWM0ZjI4; Path=/; HttpOnly; SameSite=Lax"]
     Content type = text/html;charset=UTF-8
             Body = <!DOCTYPE html>
<html xmlns="http://www.w3.org/1999/xhtml">
<head>
    <meta charset="UTF-8"/>
    <title>:)</title>

    <meta name="viewport" content="width=device-width, initial-scale=1, shrink-to-fit=no"/>
    <!-- Bootstrap CSS -->
    <link rel="stylesheet" href="https://stackpath.bootstrapcdn.com/bootstrap/4.1.3/css/bootstrap.min.css" integrity="sha384-MCw98/SFnGE8fJT3GXwEOngsV7Zt27NXFoaoApmYm81iuXoPkFOJwJ8ERdknLPMO" crossorigin="anonymous"/>
    <link rel="stylesheet" type="text/css" href="/static/styles.css"/>
    <script src="https://kit.fontawesome.com/6a1a309e0d.js" crossorigin="anonymous"></script>
    <script src="https://cdnjs.cloudflare.com/ajax/libs/turbolinks/5.2.0/turbolinks.js" integrity="sha512-G3jAqT2eM4MMkLMyQR5YBhvN5/Da3IG6kqgYqU9zlIH4+2a+GuMdLb5Kpxy6ItMdCfgaKlo2XFhI0dHtMJjoRw==" crossorigin="anonymous"></script>


    <script  defer="defer" src="https://code.jquery.com/jquery-3.3.1.slim.min.js" integrity="sha384-q8i/X+965DzO0rT7abK41JStQIAqVgRVzpbzo5smXKp4YfRvH+8abtTE1Pi6jizo" crossorigin="anonymous"></script>
    <script  defer="defer" src="https://cdnjs.cloudflare.com/ajax/libs/popper.js/1.14.3/umd/popper.min.js" integrity="sha384-ZMP7rVo3mIykV+2+9J3UJ46jBk0WLaUAdn689aCwoqbBJiSnjAK/l8WvCWPIPm49" crossorigin="anonymous"></script>

</head>
<body>
<nav class="navbar navbar-expand-lg navbar-light bg-light">
    <div class="navbar-brand">Tawee</div>
    <button class="navbar-toggler" type="button" data-toggle="collapse" data-target="#navbarSupportedContent" aria-controls="navbarSupportedContent" aria-expanded="false" aria-label="Toggle navigation">
        <span class="navbar-toggler-icon"></span>
    </button>

    <div class="collapse navbar-collapse" id="navbarSupportedContent">
        <ul class="navbar-nav mr-auto">
            <li class="nav-item">
                <a class="nav-link" href="/">Home</a>
            </li>
            <li class="nav-item">
                <a class="nav-link" href="/main">Messages</a>
            </li>
                <li class="nav-item">
                    <a class="nav-link" href="/user/profile">Profile</a>
                </li>
                <li class="nav-item">
                    <a class="nav-link" href="/user-messages/2">My messages</a>
                </li>
        </ul>
    <form action="/logout" method="post">
        <input type="hidden" name="_csrf" value="06c2acc9-fcf8-471d-97e2-79d4626dde43"/>
        <button class="btn btn-primary mr-3" type="submit">Sign out</button>
    </form>
        <div class="navbar-text">test</div>
    </div>
</nav>    <div class="container mt-5">
    <div class="form-row">
        <div class="form-group col-md-6">
            <form class="form-inline" method="get" action="/main">
                <label>
                    <input class="form-control" type="text" name="filter" placeholder="Search by tag" value=""/>
                </label>
                <button class="btn btn-outline-primary ml-3" type="submit">Search</button>
            </form>
        </div>
    </div>

    <a class="btn btn-primary" data-toggle="collapse" href="#collapseExample" role="button" aria-expanded="false" aria-controls="collapseExample">
        Message editor
    </a>
    <div class="collapse " id="collapseExample">
        <div class="form-group mt-3">
            <form method="post" enctype="multipart/form-data" >
                <input type="hidden" name="_csrf" value="06c2acc9-fcf8-471d-97e2-79d4626dde43"/>
                <input type="hidden" name="id" value="-1"/>
                <div class="form-group">
                    <input class="form-control "
                           value=""
                           type="text" name="text" placeholder="Write your message"/>
                </div>
                <div class="form-group">
                    <input class="form-control "
                           value=""
                           type="text" name="tag" placeholder="Tag"/>
                </div>
                <div class="form-group">
                    <div class="input-group">
                        <div class="custom-file">
                            <input class="custom-file-input" id="customFile" type="file" name="file"/>
                            <label class="custom-file-label" for="customFile">Choose file</label>
                        </div>
                    </div>
                </div>
                <div class="form-group">
                    <button class="btn btn-primary mr-2" type="submit">Save message</button>
                    <button class="btn btn-outline-secondary" type="reset">Clear</button>
                </div>
            </form>
        </div>
    </div>



    <div class="mt-3 container">
        <div class="row">
            <ul class="pagination col justify-content-center">
                <li class="page-item disabled">
                    <a class="page-link" href="#" tabindex="-1">Pages</a>
                </li>
                        <li class="page-item active">
                            <a class="page-link" href="#" tabindex="-1">1</a>
                        </li>
            </ul>
            <ul class="pagination col justify-content-center">
                <li class="page-item disabled">
                    <a class="page-link" href="#" tabindex="-1">Elements per page</a>
                </li>
                        <li class="page-item">
                            <a class="page-link" href="/main?page=0&size=5" tabindex="-1">5</a>
                        </li>
                        <li class="page-item active">
                            <a class="page-link" href="#" tabindex="-1">10</a>
                        </li>
                        <li class="page-item">
                            <a class="page-link" href="/main?page=0&size=25" tabindex="-1">25</a>
                        </li>
                        <li class="page-item">
                            <a class="page-link" href="/main?page=0&size=50" tabindex="-1">50</a>
                        </li>
            </ul>
        </div>
    </div>

<div class="card-columns" id="message-list">
            <div class="card my-3" data-id="4">
                <div class="card-img-top text-center">
                </div>
                <div>
                    <div class="m-2">
                        <span>fourth</span><br/>
                        <i>#3tag</i>
                    </div>
                    <div class="card-footer text-muted container">
                        <div class="row">
                            <a class="col align-self-center" href="/user-messages/1">
                                guest
                            </a>
                            <a class="col align-self-center" href="/messages/4/like">
                                    <i class="far fa-heart"></i>
                                0
                            </a>
                        </div>
                    </div>
                </div>
            </div>
            <div class="card my-3" data-id="3">
                <div class="card-img-top text-center">
                </div>
                <div>
                    <div class="m-2">
                        <span>third</span><br/>
                        <i>#1tag</i>
                    </div>
                    <div class="card-footer text-muted container">
                        <div class="row">
                            <a class="col align-self-center" href="/user-messages/1">
                                guest
                            </a>
                            <a class="col align-self-center" href="/messages/3/like">
                                    <i class="far fa-heart"></i>
                                0
                            </a>
                        </div>
                    </div>
                </div>
            </div>
            <div class="card my-3" data-id="2">
                <div class="card-img-top text-center">
                </div>
                <div>
                    <div class="m-2">
                        <span>second</span><br/>
                        <i>#2tag</i>
                    </div>
                    <div class="card-footer text-muted container">
                        <div class="row">
                            <a class="col align-self-center" href="/user-messages/1">
                                guest
                            </a>
                            <a class="col align-self-center" href="/messages/2/like">
                                    <i class="far fa-heart"></i>
                                0
                            </a>
                        </div>
                    </div>
                </div>
            </div>
            <div class="card my-3" data-id="1">
                <div class="card-img-top text-center">
                </div>
                <div>
                    <div class="m-2">
                        <span>first</span><br/>
                        <i>#1tag</i>
                    </div>
                    <div class="card-footer text-muted container">
                        <div class="row">
                            <a class="col align-self-center" href="/user-messages/1">
                                guest
                            </a>
                            <a class="col align-self-center" href="/messages/1/like">
                                    <i class="far fa-heart"></i>
                                0
                            </a>
                        </div>
                    </div>
                </div>
            </div>
</div>

    <div class="mt-3 container">
        <div class="row">
            <ul class="pagination col justify-content-center">
                <li class="page-item disabled">
                    <a class="page-link" href="#" tabindex="-1">Pages</a>
                </li>
                        <li class="page-item active">
                            <a class="page-link" href="#" tabindex="-1">1</a>
                        </li>
            </ul>
            <ul class="pagination col justify-content-center">
                <li class="page-item disabled">
                    <a class="page-link" href="#" tabindex="-1">Elements per page</a>
                </li>
                        <li class="page-item">
                            <a class="page-link" href="/main?page=0&size=5" tabindex="-1">5</a>
                        </li>
                        <li class="page-item active">
                            <a class="page-link" href="#" tabindex="-1">10</a>
                        </li>
                        <li class="page-item">
                            <a class="page-link" href="/main?page=0&size=25" tabindex="-1">25</a>
                        </li>
                        <li class="page-item">
                            <a class="page-link" href="/main?page=0&size=50" tabindex="-1">50</a>
                        </li>
            </ul>
        </div>
    </div>
    </div>
<script src="https://stackpath.bootstrapcdn.com/bootstrap/4.1.3/js/bootstrap.min.js" integrity="sha384-ChfqqxuZUCnJSK3+MXmPNIyE6ZbWh2IMqE241rYiqJxyMiZ6OW/JmZQ5stwEULTy" crossorigin="anonymous"></script>
</body>
<script  defer="defer" src="https://www.google.com/recaptcha/api.js" async="async"></script>

</html>

    Forwarded URL = null
   Redirected URL = null
          Cookies = [[MockCookie@4b6e529b name = 'SESSION', value = 'NGQ3MzY3MDktYzdiYS00MWNmLTlmMGMtODAyY2FiYWM0ZjI4', comment = [null], domain = [null], maxAge = -1, path = '/', secure = false, version = 0, httpOnly = true]]

MockHttpServletRequest:
      HTTP Method = GET
      Request URI = /main
       Parameters = {}
          Headers = []
             Body = null
    Session Attrs = {SPRING_SECURITY_CONTEXT=org.springframework.security.core.context.SecurityContextImpl@1ab1b7e3: Authentication: org.springframework.security.authentication.UsernamePasswordAuthenticationToken@1ab1b7e3: Principal: com.project.domain.User@21; Credentials: [PROTECTED]; Authenticated: true; Details: null; Granted Authorities: USER}

Handler:
             Type = com.project.controller.MainController
           Method = com.project.controller.MainController#main(String, Model, Pageable, User)

Async:
    Async started = false
     Async result = null

Resolved Exception:
             Type = null

ModelAndView:
        View name = main
             View = null
        Attribute = page
            value = Page 1 of 1 containing com.project.domain.dto.MessageDto instances
           errors = []
        Attribute = url
            value = /main

FlashMap:
       Attributes = null

MockHttpServletResponse:
           Status = 200
    Error message = null
          Headers = [Turbolinks-Location:"/main?", Content-Language:"en", Content-Type:"text/html;charset=UTF-8", X-Content-Type-Options:"nosniff", X-XSS-Protection:"1; mode=block", Cache-Control:"no-cache, no-store, max-age=0, must-revalidate", Pragma:"no-cache", Expires:"0", X-Frame-Options:"DENY", Set-Cookie:"SESSION=NGQ3MzY3MDktYzdiYS00MWNmLTlmMGMtODAyY2FiYWM0ZjI4; Path=/; HttpOnly; SameSite=Lax"]
     Content type = text/html;charset=UTF-8
             Body = <!DOCTYPE html>
<html xmlns="http://www.w3.org/1999/xhtml">
<head>
    <meta charset="UTF-8"/>
    <title>:)</title>

    <meta name="viewport" content="width=device-width, initial-scale=1, shrink-to-fit=no"/>
    <!-- Bootstrap CSS -->
    <link rel="stylesheet" href="https://stackpath.bootstrapcdn.com/bootstrap/4.1.3/css/bootstrap.min.css" integrity="sha384-MCw98/SFnGE8fJT3GXwEOngsV7Zt27NXFoaoApmYm81iuXoPkFOJwJ8ERdknLPMO" crossorigin="anonymous"/>
    <link rel="stylesheet" type="text/css" href="/static/styles.css"/>
    <script src="https://kit.fontawesome.com/6a1a309e0d.js" crossorigin="anonymous"></script>
    <script src="https://cdnjs.cloudflare.com/ajax/libs/turbolinks/5.2.0/turbolinks.js" integrity="sha512-G3jAqT2eM4MMkLMyQR5YBhvN5/Da3IG6kqgYqU9zlIH4+2a+GuMdLb5Kpxy6ItMdCfgaKlo2XFhI0dHtMJjoRw==" crossorigin="anonymous"></script>


    <script  defer="defer" src="https://code.jquery.com/jquery-3.3.1.slim.min.js" integrity="sha384-q8i/X+965DzO0rT7abK41JStQIAqVgRVzpbzo5smXKp4YfRvH+8abtTE1Pi6jizo" crossorigin="anonymous"></script>
    <script  defer="defer" src="https://cdnjs.cloudflare.com/ajax/libs/popper.js/1.14.3/umd/popper.min.js" integrity="sha384-ZMP7rVo3mIykV+2+9J3UJ46jBk0WLaUAdn689aCwoqbBJiSnjAK/l8WvCWPIPm49" crossorigin="anonymous"></script>

</head>
<body>
<nav class="navbar navbar-expand-lg navbar-light bg-light">
    <div class="navbar-brand">Tawee</div>
    <button class="navbar-toggler" type="button" data-toggle="collapse" data-target="#navbarSupportedContent" aria-controls="navbarSupportedContent" aria-expanded="false" aria-label="Toggle navigation">
        <span class="navbar-toggler-icon"></span>
    </button>

    <div class="collapse navbar-collapse" id="navbarSupportedContent">
        <ul class="navbar-nav mr-auto">
            <li class="nav-item">
                <a class="nav-link" href="/">Home</a>
            </li>
            <li class="nav-item">
                <a class="nav-link" href="/main">Messages</a>
            </li>
                <li class="nav-item">
                    <a class="nav-link" href="/user/profile">Profile</a>
                </li>
                <li class="nav-item">
                    <a class="nav-link" href="/user-messages/2">My messages</a>
                </li>
        </ul>
    <form action="/logout" method="post">
        <input type="hidden" name="_csrf" value="06c2acc9-fcf8-471d-97e2-79d4626dde43"/>
        <button class="btn btn-primary mr-3" type="submit">Sign out</button>
    </form>
        <div class="navbar-text">test</div>
    </div>
</nav>    <div class="container mt-5">
    <div class="form-row">
        <div class="form-group col-md-6">
            <form class="form-inline" method="get" action="/main">
                <label>
                    <input class="form-control" type="text" name="filter" placeholder="Search by tag" value=""/>
                </label>
                <button class="btn btn-outline-primary ml-3" type="submit">Search</button>
            </form>
        </div>
    </div>

    <a class="btn btn-primary" data-toggle="collapse" href="#collapseExample" role="button" aria-expanded="false" aria-controls="collapseExample">
        Message editor
    </a>
    <div class="collapse " id="collapseExample">
        <div class="form-group mt-3">
            <form method="post" enctype="multipart/form-data" >
                <input type="hidden" name="_csrf" value="06c2acc9-fcf8-471d-97e2-79d4626dde43"/>
                <input type="hidden" name="id" value="-1"/>
                <div class="form-group">
                    <input class="form-control "
                           value=""
                           type="text" name="text" placeholder="Write your message"/>
                </div>
                <div class="form-group">
                    <input class="form-control "
                           value=""
                           type="text" name="tag" placeholder="Tag"/>
                </div>
                <div class="form-group">
                    <div class="input-group">
                        <div class="custom-file">
                            <input class="custom-file-input" id="customFile" type="file" name="file"/>
                            <label class="custom-file-label" for="customFile">Choose file</label>
                        </div>
                    </div>
                </div>
                <div class="form-group">
                    <button class="btn btn-primary mr-2" type="submit">Save message</button>
                    <button class="btn btn-outline-secondary" type="reset">Clear</button>
                </div>
            </form>
        </div>
    </div>



    <div class="mt-3 container">
        <div class="row">
            <ul class="pagination col justify-content-center">
                <li class="page-item disabled">
                    <a class="page-link" href="#" tabindex="-1">Pages</a>
                </li>
                        <li class="page-item active">
                            <a class="page-link" href="#" tabindex="-1">1</a>
                        </li>
            </ul>
            <ul class="pagination col justify-content-center">
                <li class="page-item disabled">
                    <a class="page-link" href="#" tabindex="-1">Elements per page</a>
                </li>
                        <li class="page-item">
                            <a class="page-link" href="/main?page=0&size=5" tabindex="-1">5</a>
                        </li>
                        <li class="page-item active">
                            <a class="page-link" href="#" tabindex="-1">10</a>
                        </li>
                        <li class="page-item">
                            <a class="page-link" href="/main?page=0&size=25" tabindex="-1">25</a>
                        </li>
                        <li class="page-item">
                            <a class="page-link" href="/main?page=0&size=50" tabindex="-1">50</a>
                        </li>
            </ul>
        </div>
    </div>

<div class="card-columns" id="message-list">
            <div class="card my-3" data-id="4">
                <div class="card-img-top text-center">
                </div>
                <div>
                    <div class="m-2">
                        <span>fourth</span><br/>
                        <i>#3tag</i>
                    </div>
                    <div class="card-footer text-muted container">
                        <div class="row">
                            <a class="col align-self-center" href="/user-messages/1">
                                guest
                            </a>
                            <a class="col align-self-center" href="/messages/4/like">
                                    <i class="far fa-heart"></i>
                                0
                            </a>
                        </div>
                    </div>
                </div>
            </div>
            <div class="card my-3" data-id="3">
                <div class="card-img-top text-center">
                </div>
                <div>
                    <div class="m-2">
                        <span>third</span><br/>
                        <i>#1tag</i>
                    </div>
                    <div class="card-footer text-muted container">
                        <div class="row">
                            <a class="col align-self-center" href="/user-messages/1">
                                guest
                            </a>
                            <a class="col align-self-center" href="/messages/3/like">
                                    <i class="far fa-heart"></i>
                                0
                            </a>
                        </div>
                    </div>
                </div>
            </div>
            <div class="card my-3" data-id="2">
                <div class="card-img-top text-center">
                </div>
                <div>
                    <div class="m-2">
                        <span>second</span><br/>
                        <i>#2tag</i>
                    </div>
                    <div class="card-footer text-muted container">
                        <div class="row">
                            <a class="col align-self-center" href="/user-messages/1">
                                guest
                            </a>
                            <a class="col align-self-center" href="/messages/2/like">
                                    <i class="far fa-heart"></i>
                                0
                            </a>
                        </div>
                    </div>
                </div>
            </div>
            <div class="card my-3" data-id="1">
                <div class="card-img-top text-center">
                </div>
                <div>
                    <div class="m-2">
                        <span>first</span><br/>
                        <i>#1tag</i>
                    </div>
                    <div class="card-footer text-muted container">
                        <div class="row">
                            <a class="col align-self-center" href="/user-messages/1">
                                guest
                            </a>
                            <a class="col align-self-center" href="/messages/1/like">
                                    <i class="far fa-heart"></i>
                                0
                            </a>
                        </div>
                    </div>
                </div>
            </div>
</div>

    <div class="mt-3 container">
        <div class="row">
            <ul class="pagination col justify-content-center">
                <li class="page-item disabled">
                    <a class="page-link" href="#" tabindex="-1">Pages</a>
                </li>
                        <li class="page-item active">
                            <a class="page-link" href="#" tabindex="-1">1</a>
                        </li>
            </ul>
            <ul class="pagination col justify-content-center">
                <li class="page-item disabled">
                    <a class="page-link" href="#" tabindex="-1">Elements per page</a>
                </li>
                        <li class="page-item">
                            <a class="page-link" href="/main?page=0&size=5" tabindex="-1">5</a>
                        </li>
                        <li class="page-item active">
                            <a class="page-link" href="#" tabindex="-1">10</a>
                        </li>
                        <li class="page-item">
                            <a class="page-link" href="/main?page=0&size=25" tabindex="-1">25</a>
                        </li>
                        <li class="page-item">
                            <a class="page-link" href="/main?page=0&size=50" tabindex="-1">50</a>
                        </li>
            </ul>
        </div>
    </div>
    </div>
<script src="https://stackpath.bootstrapcdn.com/bootstrap/4.1.3/js/bootstrap.min.js" integrity="sha384-ChfqqxuZUCnJSK3+MXmPNIyE6ZbWh2IMqE241rYiqJxyMiZ6OW/JmZQ5stwEULTy" crossorigin="anonymous"></script>
</body>
<script  defer="defer" src="https://www.google.com/recaptcha/api.js" async="async"></script>

</html>

    Forwarded URL = null
   Redirected URL = null
          Cookies = [[MockCookie@4b6e529b name = 'SESSION', value = 'NGQ3MzY3MDktYzdiYS00MWNmLTlmMGMtODAyY2FiYWM0ZjI4', comment = [null], domain = [null], maxAge = -1, path = '/', secure = false, version = 0, httpOnly = true]]
]]></system-out>
    <system-err><![CDATA[[Fatal Error] :110:73: The reference to entity "size" must end with the ';' delimiter.
]]></system-err>
  </testcase>
</testsuite>